[+] Containers:
 |- [+] Container: /Game/Scenes/MainMenu
 |   |- [+] ActorDescs:
 |   |   |- Guid:011B605F4296D30D63D5CBA5251F6CFC BaseClass: NativeClass:/Script/Engine.StaticMeshActor Name:StaticMeshActor_UAID_0C7A15AD735B8DAC01_1338112660 Label:Cube77 SpatiallyLoaded:1 Bounds:IsValid=true, Min=(X=660.000 Y=-2590.000 Z=3220.000), Max=(X=1060.000 Y=-2190.000 Z=3620.000) RuntimeGrid:None EditorOnly:0 RuntimeOnly:0 HLODRelevant:1 FolderPath:NewFolder1 FolderGuid:A4AC5828413AF3A91C97C7B02A2337C0
 |   |   |- Guid:052A40D5419851AFE12EE4AAA5516B27 BaseClass: NativeClass:/Script/Engine.SkyLight Name:SkyLight_1 Label:SkyLight SpatiallyLoaded:0 Bounds:IsValid=true, Min=(X=0.000 Y=0.000 Z=690.000), Max=(X=0.000 Y=0.000 Z=690.000) RuntimeGrid:None EditorOnly:0 RuntimeOnly:0 HLODRelevant:0 FolderPath:Lighting FolderGuid:963EC3EB4002CCE9759E2EBA541A873A
 |   |   |- Guid:060C247D496B5D73DFEA1CB84134B88E BaseClass: NativeClass:/Script/Engine.StaticMeshActor Name:StaticMeshActor_UAID_0C7A15AD735B8DAC01_1276240646 Label:Cube63 SpatiallyLoaded:1 Bounds:IsValid=true, Min=(X=660.000 Y=-2990.000 Z=2420.000), Max=(X=1060.000 Y=-2590.000 Z=2820.000) RuntimeGrid:None EditorOnly:0 RuntimeOnly:0 HLODRelevant:1 FolderPath:NewFolder1 FolderGuid:A4AC5828413AF3A91C97C7B02A2337C0
 |   |   |- Guid:09F92A20462893D674B294995FF6E38A BaseClass: NativeClass:/Script/Engine.StaticMeshActor Name:StaticMeshActor_UAID_0C7A15AD735B8DAC01_1267559645 Label:Cube62 SpatiallyLoaded:1 Bounds:IsValid=true, Min=(X=660.000 Y=1810.000 Z=2820.000), Max=(X=1060.000 Y=2210.000 Z=3220.000) RuntimeGrid:None EditorOnly:0 RuntimeOnly:0 HLODRelevant:1 FolderPath:NewFolder1 FolderGuid:A4AC5828413AF3A91C97C7B02A2337C0
 |   |   |- Guid:0F857B6845054A146219688910671145 BaseClass: NativeClass:/Script/Engine.StaticMeshActor Name:StaticMeshActor_UAID_A4AE111137DC5EFB00_1110535423 Label:SM_SkySphere SpatiallyLoaded:0 Bounds:IsValid=true, Min=(X=-1638400.000 Y=-1638400.000 Z=-1638400.000), Max=(X=1638400.000 Y=1638400.000 Z=1638400.000) RuntimeGrid:None EditorOnly:0 RuntimeOnly:0 HLODRelevant:1 FolderPath:Lighting FolderGuid:963EC3EB4002CCE9759E2EBA541A873A
 |   |   |- Guid:120F601747513967C911E98C7910A1FD BaseClass: NativeClass:/Script/Engine.StaticMeshActor Name:StaticMeshActor_UAID_0C7A15AD735B8DAC01_1219808632 Label:Cube57 SpatiallyLoaded:1 Bounds:IsValid=true, Min=(X=660.000 Y=-2990.000 Z=520.000), Max=(X=1060.000 Y=-2590.000 Z=920.000) RuntimeGrid:None EditorOnly:0 RuntimeOnly:0 HLODRelevant:1 FolderPath:NewFolder1 FolderGuid:A4AC5828413AF3A91C97C7B02A2337C0
 |   |   |- Guid:13095813410398AC092A759E9E2C7DF4 BaseClass: NativeClass:/Script/Engine.StaticMeshActor Name:StaticMeshActor_UAID_004E0199CCDF49AB01_1089824629 Label:Cube31 SpatiallyLoaded:1 Bounds:IsValid=true, Min=(X=660.000 Y=1410.000 Z=-280.000), Max=(X=1060.000 Y=1810.000 Z=120.000) RuntimeGrid:None EditorOnly:0 RuntimeOnly:0 HLODRelevant:1 FolderPath:NewFolder1 FolderGuid:A4AC5828413AF3A91C97C7B02A2337C0
 |   |   |- Guid:13A4AB974580BD936936939F8379CF27 BaseClass: NativeClass:/Script/Engine.StaticMeshActor Name:StaticMeshActor_UAID_0C7A15AD735B8DAC01_1136494617 Label:Cube42 SpatiallyLoaded:1 Bounds:IsValid=true, Min=(X=660.000 Y=-990.000 Z=520.000), Max=(X=1060.000 Y=-590.000 Z=920.000) RuntimeGrid:None EditorOnly:0 RuntimeOnly:0 HLODRelevant:1 FolderPath:NewFolder1 FolderGuid:A4AC5828413AF3A91C97C7B02A2337C0
 |   |   |- Guid:1F7F3204495A87FEA788F6879A6246AD BaseClass: NativeClass:/Script/Engine.StaticMeshActor Name:StaticMeshActor_UAID_0C7A15AD735B8DAC01_1148578622 Label:Cube47 SpatiallyLoaded:1 Bounds:IsValid=true, Min=(X=660.000 Y=-1790.000 Z=120.000), Max=(X=1060.000 Y=-1390.000 Z=520.000) RuntimeGrid:None EditorOnly:0 RuntimeOnly:0 HLODRelevant:1 FolderPath:NewFolder1 FolderGuid:A4AC5828413AF3A91C97C7B02A2337C0
 |   |   |- Guid:24E8AB2543C134B42BE62592AD2AF108 BaseClass: NativeClass:/Script/Engine.StaticMeshActor Name:StaticMeshActor_UAID_0C7A15AD735B8DAC01_1257703639 Label:Cube51 SpatiallyLoaded:1 Bounds:IsValid=true, Min=(X=660.000 Y=1810.000 Z=520.000), Max=(X=1060.000 Y=2210.000 Z=920.000) RuntimeGrid:None EditorOnly:0 RuntimeOnly:0 HLODRelevant:1 FolderPath:NewFolder1 FolderGuid:A4AC5828413AF3A91C97C7B02A2337C0
 |   |   |- Guid:286EC062438F2800BD58719DF6776300 BaseClass: NativeClass:/Script/Engine.StaticMeshActor Name:StaticMeshActor_UAID_0C7A15AD735B8DAC01_1102520607 Label:Cube32 SpatiallyLoaded:1 Bounds:IsValid=true, Min=(X=660.000 Y=1010.000 Z=-280.000), Max=(X=1060.000 Y=1410.000 Z=120.000) RuntimeGrid:None EditorOnly:0 RuntimeOnly:0 HLODRelevant:1 FolderPath:NewFolder1 FolderGuid:A4AC5828413AF3A91C97C7B02A2337C0
 |   |   |- Guid:2A79546C40C628C5D85B6ABCC367B8AA BaseClass: NativeClass:/Script/Engine.StaticMeshActor Name:StaticMeshActor_UAID_0C7A15AD735B8DAC01_1262727640 Label:Cube52 SpatiallyLoaded:1 Bounds:IsValid=true, Min=(X=660.000 Y=1810.000 Z=920.000), Max=(X=1060.000 Y=2210.000 Z=1320.000) RuntimeGrid:None EditorOnly:0 RuntimeOnly:0 HLODRelevant:1 FolderPath:NewFolder1 FolderGuid:A4AC5828413AF3A91C97C7B02A2337C0
 |   |   |- Guid:2AEF782F48C8939F63CFE096BFD53124 BaseClass: NativeClass:/Script/Engine.StaticMeshActor Name:StaticMeshActor_UAID_0C7A15AD735B8DAC01_1291085649 Label:Cube66 SpatiallyLoaded:1 Bounds:IsValid=true, Min=(X=660.000 Y=1010.000 Z=3220.000), Max=(X=1060.000 Y=1410.000 Z=3620.000) RuntimeGrid:None EditorOnly:0 RuntimeOnly:0 HLODRelevant:1 FolderPath:NewFolder1 FolderGuid:A4AC5828413AF3A91C97C7B02A2337C0
 |   |   |- Guid:3116CACF4524507AAE2412AAADD63D34 BaseClass: NativeClass:/Script/Engine.StaticMeshActor Name:StaticMeshActor_UAID_0C7A15AD735B8DAC01_1120275611 Label:Cube36 SpatiallyLoaded:1 Bounds:IsValid=true, Min=(X=660.000 Y=-190.000 Z=-280.000), Max=(X=1060.000 Y=210.000 Z=120.000) RuntimeGrid:None EditorOnly:0 RuntimeOnly:0 HLODRelevant:1 FolderPath:NewFolder1 FolderGuid:A4AC5828413AF3A91C97C7B02A2337C0
 |   |   |- Guid:3214388D42E16B6A2999E39DA2ECAA94 BaseClass: NativeClass:/Script/Engine.StaticMeshActor Name:StaticMeshActor_UAID_0C7A15AD735B8DAC01_1279101647 Label:Cube64 SpatiallyLoaded:1 Bounds:IsValid=true, Min=(X=660.000 Y=-2990.000 Z=2820.000), Max=(X=1060.000 Y=-2590.000 Z=3220.000) RuntimeGrid:None EditorOnly:0 RuntimeOnly:0 HLODRelevant:1 FolderPath:NewFolder1 FolderGuid:A4AC5828413AF3A91C97C7B02A2337C0
 |   |   |- Guid:472382CE4D1816D21138DFBAF42C638C BaseClass: NativeClass:/Script/Engine.StaticMeshActor Name:StaticMeshActor_UAID_0C7A15AD735B8DAC01_1291091653 Label:Cube70 SpatiallyLoaded:1 Bounds:IsValid=true, Min=(X=660.000 Y=-590.000 Z=3220.000), Max=(X=1060.000 Y=-190.000 Z=3620.000) RuntimeGrid:None EditorOnly:0 RuntimeOnly:0 HLODRelevant:1 FolderPath:NewFolder1 FolderGuid:A4AC5828413AF3A91C97C7B02A2337C0
 |   |   |- Guid:55B200F44FDDD5AEBC0ED0A9227BC560 BaseClass: NativeClass:/Script/Engine.VolumetricCloud Name:VolumetricCloud_0 Label:VolumetricCloud SpatiallyLoaded:0 Bounds:IsValid=true, Min=(X=0.000 Y=0.000 Z=820.000), Max=(X=0.000 Y=0.000 Z=820.000) RuntimeGrid:None EditorOnly:0 RuntimeOnly:0 HLODRelevant:0 FolderPath:Lighting FolderGuid:963EC3EB4002CCE9759E2EBA541A873A
 |   |   |- Guid:57A11DA447D350C2B39DFB9A82F63149 BaseClass: NativeClass:/Script/Engine.StaticMeshActor Name:StaticMeshActor_UAID_0C7A15AD735B8DAC01_1129952616 Label:Cube41 SpatiallyLoaded:1 Bounds:IsValid=true, Min=(X=660.000 Y=-990.000 Z=120.000), Max=(X=1060.000 Y=-590.000 Z=520.000) RuntimeGrid:None EditorOnly:0 RuntimeOnly:0 HLODRelevant:1 FolderPath:NewFolder1 FolderGuid:A4AC5828413AF3A91C97C7B02A2337C0
 |   |   |- Guid:596D8D8F4BF401B1B7784C8565404886 BaseClass: NativeClass:/Script/Engine.StaticMeshActor Name:StaticMeshActor_UAID_0C7A15AD735B8DAC01_1257700637 Label:Cube49 SpatiallyLoaded:1 Bounds:IsValid=true, Min=(X=660.000 Y=1810.000 Z=-280.000), Max=(X=1060.000 Y=2210.000 Z=120.000) RuntimeGrid:None EditorOnly:0 RuntimeOnly:0 HLODRelevant:1 FolderPath:NewFolder1 FolderGuid:A4AC5828413AF3A91C97C7B02A2337C0
 |   |   |- Guid:5A6E74334014C2B06E536DA278212B0A BaseClass: NativeClass:/Script/Engine.StaticMeshActor Name:StaticMeshActor_UAID_0C7A15AD735B8DAC01_1262729641 Label:Cube53 SpatiallyLoaded:1 Bounds:IsValid=true, Min=(X=660.000 Y=1810.000 Z=1320.000), Max=(X=1060.000 Y=2210.000 Z=1720.000) RuntimeGrid:None EditorOnly:0 RuntimeOnly:0 HLODRelevant:1 FolderPath:NewFolder1 FolderGuid:A4AC5828413AF3A91C97C7B02A2337C0
 |   |   |- Guid:68AFBC794A4D8C1CE2F7D9873F80B4C5 BaseClass: NativeClass:/Script/Engine.StaticMeshActor Name:StaticMeshActor_UAID_0C7A15AD735B8DAC01_1262731642 Label:Cube54 SpatiallyLoaded:1 Bounds:IsValid=true, Min=(X=660.000 Y=1810.000 Z=1720.000), Max=(X=1060.000 Y=2210.000 Z=2120.000) RuntimeGrid:None EditorOnly:0 RuntimeOnly:0 HLODRelevant:1 FolderPath:NewFolder1 FolderGuid:A4AC5828413AF3A91C97C7B02A2337C0
 |   |   |- Guid:7639AFBB4CDBE3E663CE2FA532B43139 BaseClass: NativeClass:/Script/Engine.StaticMeshActor Name:StaticMeshActor_UAID_0C7A15AD735B8DAC01_1219807631 Label:Cube56 SpatiallyLoaded:1 Bounds:IsValid=true, Min=(X=660.000 Y=-2990.000 Z=120.000), Max=(X=1060.000 Y=-2590.000 Z=520.000) RuntimeGrid:None EditorOnly:0 RuntimeOnly:0 HLODRelevant:1 FolderPath:NewFolder1 FolderGuid:A4AC5828413AF3A91C97C7B02A2337C0
 |   |   |- Guid:7C7AEF734D02E5EEEE8540A4BF0139E5 BaseClass: NativeClass:/Script/Engine.StaticMeshActor Name:StaticMeshActor_UAID_0C7A15AD735B8DAC01_1291082648 Label:Cube65 SpatiallyLoaded:1 Bounds:IsValid=true, Min=(X=660.000 Y=1410.000 Z=3220.000), Max=(X=1060.000 Y=1810.000 Z=3620.000) RuntimeGrid:None EditorOnly:0 RuntimeOnly:0 HLODRelevant:1 FolderPath:NewFolder1 FolderGuid:A4AC5828413AF3A91C97C7B02A2337C0
 |   |   |- Guid:7CD9F1164CD71E2F0EA149BB2EF98CD1 BaseClass: NativeClass:/Script/Engine.StaticMeshActor Name:StaticMeshActor_UAID_0C7A15AD735B8DAC01_1148576621 Label:Cube46 SpatiallyLoaded:1 Bounds:IsValid=true, Min=(X=660.000 Y=-1790.000 Z=-280.000), Max=(X=1060.000 Y=-1390.000 Z=120.000) RuntimeGrid:None EditorOnly:0 RuntimeOnly:0 HLODRelevant:1 FolderPath:NewFolder1 FolderGuid:A4AC5828413AF3A91C97C7B02A2337C0
 |   |   |- Guid:85560CA2410749E7706AE5BF172E655A BaseClass: NativeClass:/Script/Engine.WorldDataLayers Name:WorldDataLayers Label:WorldDataLayers SpatiallyLoaded:0 Bounds:IsValid=true, Min=(X=0.000 Y=0.000 Z=0.000), Max=(X=0.000 Y=0.000 Z=0.000) RuntimeGrid:None EditorOnly:0 RuntimeOnly:0 HLODRelevant:0
 |   |   |- Guid:88BF1D214444968160D563B36A038C4E BaseClass: NativeClass:/Script/Engine.StaticMeshActor Name:StaticMeshActor_UAID_0C7A15AD735B8DAC01_1123784614 Label:Cube39 SpatiallyLoaded:1 Bounds:IsValid=true, Min=(X=660.000 Y=-590.000 Z=120.000), Max=(X=1060.000 Y=-190.000 Z=520.000) RuntimeGrid:None EditorOnly:0 RuntimeOnly:0 HLODRelevant:1 FolderPath:NewFolder1 FolderGuid:A4AC5828413AF3A91C97C7B02A2337C0
 |   |   |- Guid:8E53DDD440D021DFACF827988697B3BE BaseClass: NativeClass:/Script/Engine.PostProcessVolume Name:PostProcessVolume_0 Label:PostProcessVolume SpatiallyLoaded:0 Bounds:IsValid=true, Min=(X=0.000 Y=0.000 Z=400.000), Max=(X=200.000 Y=200.000 Z=600.000) RuntimeGrid:None EditorOnly:0 RuntimeOnly:0 HLODRelevant:0 FolderPath:Lighting FolderGuid:963EC3EB4002CCE9759E2EBA541A873A
 |   |   |- Guid:948E43D8476ED42C7560288D3F109FC8 BaseClass: NativeClass:/Script/Engine.StaticMeshActor Name:StaticMeshActor_UAID_0C7A15AD735B8DAC01_1129950615 Label:Cube40 SpatiallyLoaded:1 Bounds:IsValid=true, Min=(X=660.000 Y=-990.000 Z=-280.000), Max=(X=1060.000 Y=-590.000 Z=120.000) RuntimeGrid:None EditorOnly:0 RuntimeOnly:0 HLODRelevant:1 FolderPath:NewFolder1 FolderGuid:A4AC5828413AF3A91C97C7B02A2337C0
 |   |   |- Guid:9AE43AF74E8EB00F080E9184148183BF BaseClass: NativeClass:/Script/Engine.StaticMeshActor Name:StaticMeshActor_UAID_0C7A15AD735B8DAC01_1335320659 Label:Cube76 SpatiallyLoaded:1 Bounds:IsValid=true, Min=(X=660.000 Y=-2190.000 Z=3220.000), Max=(X=1060.000 Y=-1790.000 Z=3620.000) RuntimeGrid:None EditorOnly:0 RuntimeOnly:0 HLODRelevant:1 FolderPath:NewFolder1 FolderGuid:A4AC5828413AF3A91C97C7B02A2337C0
 |   |   |- Guid:A3DA5DE64CA5158A94E3F29FD60C06F1 BaseClass: NativeClass:/Script/Engine.StaticMeshActor Name:StaticMeshActor_UAID_0C7A15AD735B8DAC01_1106975608 Label:Cube33 SpatiallyLoaded:1 Bounds:IsValid=true, Min=(X=660.000 Y=610.000 Z=-280.000), Max=(X=1060.000 Y=1010.000 Z=120.000) RuntimeGrid:None EditorOnly:0 RuntimeOnly:0 HLODRelevant:1 FolderPath:NewFolder1 FolderGuid:A4AC5828413AF3A91C97C7B02A2337C0
 |   |   |- Guid:A525CF6A41FD08979C164792AF1E33AF BaseClass: NativeClass:/Script/Engine.StaticMeshActor Name:StaticMeshActor_UAID_0C7A15AD735B8DAC01_1140315618 Label:Cube43 SpatiallyLoaded:1 Bounds:IsValid=true, Min=(X=660.000 Y=-1390.000 Z=-280.000), Max=(X=1060.000 Y=-990.000 Z=120.000) RuntimeGrid:None EditorOnly:0 RuntimeOnly:0 HLODRelevant:1 FolderPath:NewFolder1 FolderGuid:A4AC5828413AF3A91C97C7B02A2337C0
 |   |   |- Guid:A7E581FC41B6C7144ECCB7B0CF841D8A BaseClass: NativeClass:/Script/Engine.StaticMeshActor Name:StaticMeshActor_UAID_0C7A15AD735B8DAC01_1267558644 Label:Cube60 SpatiallyLoaded:1 Bounds:IsValid=true, Min=(X=660.000 Y=1810.000 Z=2420.000), Max=(X=1060.000 Y=2210.000 Z=2820.000) RuntimeGrid:None EditorOnly:0 RuntimeOnly:0 HLODRelevant:1 FolderPath:NewFolder1 FolderGuid:A4AC5828413AF3A91C97C7B02A2337C0
 |   |   |- Guid:B260538D4D12498989A481AC2C99DE65 BaseClass: NativeClass:/Script/Engine.StaticMeshActor Name:StaticMeshActor_UAID_0C7A15AD735B8DAC01_1110704609 Label:Cube34 SpatiallyLoaded:1 Bounds:IsValid=true, Min=(X=660.000 Y=210.000 Z=-280.000), Max=(X=1060.000 Y=610.000 Z=120.000) RuntimeGrid:None EditorOnly:0 RuntimeOnly:0 HLODRelevant:1 FolderPath:NewFolder1 FolderGuid:A4AC5828413AF3A91C97C7B02A2337C0
 |   |   |- Guid:B85A88054712605FF340D087ADEC7DA9 BaseClass: NativeClass:/Script/Engine.SkyAtmosphere Name:SkyAtmosphere_0 Label:SkyAtmosphere SpatiallyLoaded:0 Bounds:IsValid=true, Min=(X=0.000 Y=0.000 Z=1020.000), Max=(X=0.000 Y=0.000 Z=1020.000) RuntimeGrid:None EditorOnly:0 RuntimeOnly:0 HLODRelevant:0 FolderPath:Lighting FolderGuid:963EC3EB4002CCE9759E2EBA541A873A
 |   |   |- Guid:B9511E334C69B3EE106E1C819C2F8F65 BaseClass: NativeClass:/Script/Engine.StaticMeshActor Name:StaticMeshActor_UAID_0C7A15AD735B8DAC01_1291088651 Label:Cube68 SpatiallyLoaded:1 Bounds:IsValid=true, Min=(X=660.000 Y=210.000 Z=3220.000), Max=(X=1060.000 Y=610.000 Z=3620.000) RuntimeGrid:None EditorOnly:0 RuntimeOnly:0 HLODRelevant:1 FolderPath:NewFolder1 FolderGuid:A4AC5828413AF3A91C97C7B02A2337C0
 |   |   |- Guid:BC71847B43C29D1A2FCE1BB83655747B BaseClass: NativeClass:/Script/Engine.StaticMeshActor Name:StaticMeshActor_UAID_0C7A15AD735B8DAC01_1291090652 Label:Cube69 SpatiallyLoaded:1 Bounds:IsValid=true, Min=(X=660.000 Y=-190.000 Z=3220.000), Max=(X=1060.000 Y=210.000 Z=3620.000) RuntimeGrid:None EditorOnly:0 RuntimeOnly:0 HLODRelevant:1 FolderPath:NewFolder1 FolderGuid:A4AC5828413AF3A91C97C7B02A2337C0
 |   |   |- Guid:BCD0EAEF4E1E7859BF0AB28EC195EB33 BaseClass: NativeClass:/Script/Engine.StaticMeshActor Name:StaticMeshActor_UAID_0C7A15AD735B8DAC01_1241815636 Label:Cube61 SpatiallyLoaded:1 Bounds:IsValid=true, Min=(X=660.000 Y=-2990.000 Z=2020.000), Max=(X=1060.000 Y=-2590.000 Z=2420.000) RuntimeGrid:None EditorOnly:0 RuntimeOnly:0 HLODRelevant:1 FolderPath:NewFolder1 FolderGuid:A4AC5828413AF3A91C97C7B02A2337C0
 |   |   |- Guid:BCFBBB6C48A74ADA1D7C0BBE8F4A3432 BaseClass:/Game/Blueprints/PlayerController/BP_LevelEnd.BP_LevelEnd_C NativeClass:/Script/Engine.Actor Name:BP_LevelEnd_C_UAID_0C7A15AD735B92AC01_1482569487 Label:BP_LevelEnd SpatiallyLoaded:1 Bounds:IsValid=true, Min=(X=772.000 Y=672.000 Z=172.000), Max=(X=1028.000 Y=928.000 Z=428.000) RuntimeGrid:None EditorOnly:0 RuntimeOnly:0 HLODRelevant:0
 |   |   |- Guid:BDA214EC4ACCA0DD9E7A45A447261900 BaseClass: NativeClass:/Script/Engine.StaticMeshActor Name:StaticMeshActor_UAID_0C7A15AD735B8DAC01_1115604610 Label:Cube35 SpatiallyLoaded:1 Bounds:IsValid=true, Min=(X=660.000 Y=210.000 Z=120.000), Max=(X=1060.000 Y=610.000 Z=520.000) RuntimeGrid:None EditorOnly:0 RuntimeOnly:0 HLODRelevant:1 FolderPath:NewFolder1 FolderGuid:A4AC5828413AF3A91C97C7B02A2337C0
 |   |   |- Guid:C1D6A5E3403A234C3C7573BB07FB4095 BaseClass: NativeClass:/Script/Engine.ExponentialHeightFog Name:ExponentialHeightFog_0 Label:ExponentialHeightFog SpatiallyLoaded:0 Bounds:IsValid=true, Min=(X=-5600.000 Y=-50.000 Z=-6850.000), Max=(X=-5600.000 Y=-50.000 Z=-6850.000) RuntimeGrid:None EditorOnly:0 RuntimeOnly:0 HLODRelevant:0 FolderPath:Lighting FolderGuid:963EC3EB4002CCE9759E2EBA541A873A
 |   |   |- Guid:C1FF402D45C27DB271D2AD877D1C4B9B BaseClass: NativeClass:/Script/Engine.StaticMeshActor Name:StaticMeshActor_UAID_0C7A15AD735B8DAC01_1219804630 Label:Cube55 SpatiallyLoaded:1 Bounds:IsValid=true, Min=(X=660.000 Y=-2990.000 Z=-280.000), Max=(X=1060.000 Y=-2590.000 Z=120.000) RuntimeGrid:None EditorOnly:0 RuntimeOnly:0 HLODRelevant:1 FolderPath:NewFolder1 FolderGuid:A4AC5828413AF3A91C97C7B02A2337C0
 |   |   |- Guid:C6A27372495CFA93F3ABC68F73FAE5A7 BaseClass: NativeClass:/Script/Engine.StaticMeshActor Name:StaticMeshActor_UAID_0C7A15AD735B8DAC01_1291098658 Label:Cube75 SpatiallyLoaded:1 Bounds:IsValid=true, Min=(X=660.000 Y=1810.000 Z=3220.000), Max=(X=1060.000 Y=2210.000 Z=3620.000) RuntimeGrid:None EditorOnly:0 RuntimeOnly:0 HLODRelevant:1 FolderPath:NewFolder1 FolderGuid:A4AC5828413AF3A91C97C7B02A2337C0
 |   |   |- Guid:D05A2D484B32AEDB6BF787AF39C74D56 BaseClass: NativeClass:/Script/Engine.StaticMeshActor Name:StaticMeshActor_UAID_0C7A15AD735B8DAC01_1291087650 Label:Cube67 SpatiallyLoaded:1 Bounds:IsValid=true, Min=(X=660.000 Y=610.000 Z=3220.000), Max=(X=1060.000 Y=1010.000 Z=3620.000) RuntimeGrid:None EditorOnly:0 RuntimeOnly:0 HLODRelevant:1 FolderPath:NewFolder1 FolderGuid:A4AC5828413AF3A91C97C7B02A2337C0
 |   |   |- Guid:D5D7D7F544B2386745B02F8B9F272156 BaseClass: NativeClass:/Script/Engine.StaticMeshActor Name:StaticMeshActor_UAID_0C7A15AD735B8DAC01_1257702638 Label:Cube50 SpatiallyLoaded:1 Bounds:IsValid=true, Min=(X=660.000 Y=1810.000 Z=120.000), Max=(X=1060.000 Y=2210.000 Z=520.000) RuntimeGrid:None EditorOnly:0 RuntimeOnly:0 HLODRelevant:1 FolderPath:NewFolder1 FolderGuid:A4AC5828413AF3A91C97C7B02A2337C0
 |   |   |- Guid:DC5720E1435B10E2FA3A299F4D0BC29D BaseClass: NativeClass:/Script/Engine.StaticMeshActor Name:StaticMeshActor_UAID_0C7A15AD735B8DAC01_1140318620 Label:Cube45 SpatiallyLoaded:1 Bounds:IsValid=true, Min=(X=660.000 Y=-1390.000 Z=520.000), Max=(X=1060.000 Y=-990.000 Z=920.000) RuntimeGrid:None EditorOnly:0 RuntimeOnly:0 HLODRelevant:1 FolderPath:NewFolder1 FolderGuid:A4AC5828413AF3A91C97C7B02A2337C0
 |   |   |- Guid:DF3799DB40BDB01331C956B8F8908F47 BaseClass: NativeClass:/Script/Engine.StaticMeshActor Name:StaticMeshActor_UAID_0C7A15AD735B8DAC01_1291092654 Label:Cube71 SpatiallyLoaded:1 Bounds:IsValid=true, Min=(X=660.000 Y=-990.000 Z=3220.000), Max=(X=1060.000 Y=-590.000 Z=3620.000) RuntimeGrid:None EditorOnly:0 RuntimeOnly:0 HLODRelevant:1 FolderPath:NewFolder1 FolderGuid:A4AC5828413AF3A91C97C7B02A2337C0
 |   |   |- Guid:DF3F980F416F791AE0CCA99C211BA857 BaseClass: NativeClass:/Script/Engine.StaticMeshActor Name:StaticMeshActor_UAID_0C7A15AD735B8DAC01_1120279612 Label:Cube37 SpatiallyLoaded:1 Bounds:IsValid=true, Min=(X=660.000 Y=-190.000 Z=120.000), Max=(X=1060.000 Y=210.000 Z=520.000) RuntimeGrid:None EditorOnly:0 RuntimeOnly:0 HLODRelevant:1 FolderPath:NewFolder1 FolderGuid:A4AC5828413AF3A91C97C7B02A2337C0
 |   |   |- Guid:E1928F82439605C232ABDEBECF509AE1 BaseClass: NativeClass:/Script/Engine.StaticMeshActor Name:StaticMeshActor_UAID_0C7A15AD735B8DAC01_1291096657 Label:Cube74 SpatiallyLoaded:1 Bounds:IsValid=true, Min=(X=660.000 Y=-2990.000 Z=3220.000), Max=(X=1060.000 Y=-2590.000 Z=3620.000) RuntimeGrid:None EditorOnly:0 RuntimeOnly:0 HLODRelevant:1 FolderPath:NewFolder1 FolderGuid:A4AC5828413AF3A91C97C7B02A2337C0
 |   |   |- Guid:E28455A145199DBC67C0059DB8F0AD89 BaseClass: NativeClass:/Script/Engine.StaticMeshActor Name:StaticMeshActor_UAID_0C7A15AD735B8DAC01_1123782613 Label:Cube38 SpatiallyLoaded:1 Bounds:IsValid=true, Min=(X=660.000 Y=-590.000 Z=-280.000), Max=(X=1060.000 Y=-190.000 Z=120.000) RuntimeGrid:None EditorOnly:0 RuntimeOnly:0 HLODRelevant:1 FolderPath:NewFolder1 FolderGuid:A4AC5828413AF3A91C97C7B02A2337C0
 |   |   |- Guid:E43A2F914D63E4391ACB3CB6D96B7548 BaseClass: NativeClass:/Script/Engine.StaticMeshActor Name:StaticMeshActor_UAID_0C7A15AD735B8DAC01_1232305633 Label:Cube58 SpatiallyLoaded:1 Bounds:IsValid=true, Min=(X=660.000 Y=-2990.000 Z=920.000), Max=(X=1060.000 Y=-2590.000 Z=1320.000) RuntimeGrid:None EditorOnly:0 RuntimeOnly:0 HLODRelevant:1 FolderPath:NewFolder1 FolderGuid:A4AC5828413AF3A91C97C7B02A2337C0
 |   |   |- Guid:E7E774B0431A77668DC093B6EDDD9C52 BaseClass: NativeClass:/Script/Engine.DirectionalLight Name:DirectionalLight_0 Label:DirectionalLight SpatiallyLoaded:0 Bounds:IsValid=true, Min=(X=-4398046511104.000 Y=-4398046511104.000 Z=-4398046511104.000), Max=(X=4398046511104.000 Y=4398046511104.000 Z=4398046511104.000) RuntimeGrid:None EditorOnly:0 RuntimeOnly:0 HLODRelevant:0 FolderPath:Lighting FolderGuid:963EC3EB4002CCE9759E2EBA541A873A
 |   |   |- Guid:F84F7A194E29BFD5009B2BA859B38846 BaseClass: NativeClass:/Script/Engine.PlayerStart Name:PlayerStart_UAID_04421AEBC1A4C8A801_1859832772 Label:PlayerStart SpatiallyLoaded:0 Bounds:IsValid=true, Min=(X=900.000 Y=1550.000 Z=150.000), Max=(X=980.000 Y=1630.000 Z=334.000) RuntimeGrid:None EditorOnly:0 RuntimeOnly:0 HLODRelevant:0
 |   |   |- Guid:F8A521CE48356F64E4FB2A82AB311EC5 BaseClass: NativeClass:/Script/Engine.StaticMeshActor Name:StaticMeshActor_UAID_0C7A15AD735B8DAC01_1267555643 Label:Cube59 SpatiallyLoaded:1 Bounds:IsValid=true, Min=(X=660.000 Y=1810.000 Z=2020.000), Max=(X=1060.000 Y=2210.000 Z=2420.000) RuntimeGrid:None EditorOnly:0 RuntimeOnly:0 HLODRelevant:1 FolderPath:NewFolder1 FolderGuid:A4AC5828413AF3A91C97C7B02A2337C0
 |   |   |- Guid:FA1AC5F64C2DCE00BCE799800EB93508 BaseClass: NativeClass:/Script/Engine.StaticMeshActor Name:StaticMeshActor_UAID_0C7A15AD735B8DAC01_1148579623 Label:Cube48 SpatiallyLoaded:1 Bounds:IsValid=true, Min=(X=660.000 Y=-1790.000 Z=520.000), Max=(X=1060.000 Y=-1390.000 Z=920.000) RuntimeGrid:None EditorOnly:0 RuntimeOnly:0 HLODRelevant:1 FolderPath:NewFolder1 FolderGuid:A4AC5828413AF3A91C97C7B02A2337C0
 |   |   |- Guid:FBD5BA10483E3DF97C6511865E971DCE BaseClass: NativeClass:/Script/Engine.StaticMeshActor Name:StaticMeshActor_UAID_0C7A15AD735B8DAC01_1291094655 Label:Cube72 SpatiallyLoaded:1 Bounds:IsValid=true, Min=(X=660.000 Y=-1390.000 Z=3220.000), Max=(X=1060.000 Y=-990.000 Z=3620.000) RuntimeGrid:None EditorOnly:0 RuntimeOnly:0 HLODRelevant:1 FolderPath:NewFolder1 FolderGuid:A4AC5828413AF3A91C97C7B02A2337C0
 |   |   |- Guid:FE0BEB7C45C7D1C97880F69C052CB314 BaseClass: NativeClass:/Script/Engine.StaticMeshActor Name:StaticMeshActor_UAID_0C7A15AD735B8DAC01_1140317619 Label:Cube44 SpatiallyLoaded:1 Bounds:IsValid=true, Min=(X=660.000 Y=-1390.000 Z=120.000), Max=(X=1060.000 Y=-990.000 Z=520.000) RuntimeGrid:None EditorOnly:0 RuntimeOnly:0 HLODRelevant:1 FolderPath:NewFolder1 FolderGuid:A4AC5828413AF3A91C97C7B02A2337C0
 |   |   |- Guid:FEEDDF4B412B551463AE40917DC32394 BaseClass: NativeClass:/Script/Engine.StaticMeshActor Name:StaticMeshActor_UAID_0C7A15AD735B8DAC01_1291095656 Label:Cube73 SpatiallyLoaded:1 Bounds:IsValid=true, Min=(X=660.000 Y=-1790.000 Z=3220.000), Max=(X=1060.000 Y=-1390.000 Z=3620.000) RuntimeGrid:None EditorOnly:0 RuntimeOnly:0 HLODRelevant:1 FolderPath:NewFolder1 FolderGuid:A4AC5828413AF3A91C97C7B02A2337C0
 |   |- [+] Clusters:
 |   |   |- [+] [  0]
 |   |   |   |- Guid:2AEF782F48C8939F63CFE096BFD53124 BaseClass: NativeClass:/Script/Engine.StaticMeshActor Name:StaticMeshActor_UAID_0C7A15AD735B8DAC01_1291085649 Label:Cube66 SpatiallyLoaded:1 Bounds:IsValid=true, Min=(X=660.000 Y=1010.000 Z=3220.000), Max=(X=1060.000 Y=1410.000 Z=3620.000) RuntimeGrid:None EditorOnly:0 RuntimeOnly:0 HLODRelevant:1 FolderPath:NewFolder1 FolderGuid:A4AC5828413AF3A91C97C7B02A2337C0
 |   |   |- [+] [  1]
 |   |   |   |- Guid:13095813410398AC092A759E9E2C7DF4 BaseClass: NativeClass:/Script/Engine.StaticMeshActor Name:StaticMeshActor_UAID_004E0199CCDF49AB01_1089824629 Label:Cube31 SpatiallyLoaded:1 Bounds:IsValid=true, Min=(X=660.000 Y=1410.000 Z=-280.000), Max=(X=1060.000 Y=1810.000 Z=120.000) RuntimeGrid:None EditorOnly:0 RuntimeOnly:0 HLODRelevant:1 FolderPath:NewFolder1 FolderGuid:A4AC5828413AF3A91C97C7B02A2337C0
 |   |   |- [+] [  2]
 |   |   |   |- Guid:C1FF402D45C27DB271D2AD877D1C4B9B BaseClass: NativeClass:/Script/Engine.StaticMeshActor Name:StaticMeshActor_UAID_0C7A15AD735B8DAC01_1219804630 Label:Cube55 SpatiallyLoaded:1 Bounds:IsValid=true, Min=(X=660.000 Y=-2990.000 Z=-280.000), Max=(X=1060.000 Y=-2590.000 Z=120.000) RuntimeGrid:None EditorOnly:0 RuntimeOnly:0 HLODRelevant:1 FolderPath:NewFolder1 FolderGuid:A4AC5828413AF3A91C97C7B02A2337C0
 |   |   |- [+] [  3]
 |   |   |   |- Guid:472382CE4D1816D21138DFBAF42C638C BaseClass: NativeClass:/Script/Engine.StaticMeshActor Name:StaticMeshActor_UAID_0C7A15AD735B8DAC01_1291091653 Label:Cube70 SpatiallyLoaded:1 Bounds:IsValid=true, Min=(X=660.000 Y=-590.000 Z=3220.000), Max=(X=1060.000 Y=-190.000 Z=3620.000) RuntimeGrid:None EditorOnly:0 RuntimeOnly:0 HLODRelevant:1 FolderPath:NewFolder1 FolderGuid:A4AC5828413AF3A91C97C7B02A2337C0
 |   |   |- [+] [  4]
 |   |   |   |- Guid:B85A88054712605FF340D087ADEC7DA9 BaseClass: NativeClass:/Script/Engine.SkyAtmosphere Name:SkyAtmosphere_0 Label:SkyAtmosphere SpatiallyLoaded:0 Bounds:IsValid=true, Min=(X=0.000 Y=0.000 Z=1020.000), Max=(X=0.000 Y=0.000 Z=1020.000) RuntimeGrid:None EditorOnly:0 RuntimeOnly:0 HLODRelevant:0 FolderPath:Lighting FolderGuid:963EC3EB4002CCE9759E2EBA541A873A
 |   |   |- [+] [  5]
 |   |   |   |- Guid:E28455A145199DBC67C0059DB8F0AD89 BaseClass: NativeClass:/Script/Engine.StaticMeshActor Name:StaticMeshActor_UAID_0C7A15AD735B8DAC01_1123782613 Label:Cube38 SpatiallyLoaded:1 Bounds:IsValid=true, Min=(X=660.000 Y=-590.000 Z=-280.000), Max=(X=1060.000 Y=-190.000 Z=120.000) RuntimeGrid:None EditorOnly:0 RuntimeOnly:0 HLODRelevant:1 FolderPath:NewFolder1 FolderGuid:A4AC5828413AF3A91C97C7B02A2337C0
 |   |   |- [+] [  6]
 |   |   |   |- Guid:3116CACF4524507AAE2412AAADD63D34 BaseClass: NativeClass:/Script/Engine.StaticMeshActor Name:StaticMeshActor_UAID_0C7A15AD735B8DAC01_1120275611 Label:Cube36 SpatiallyLoaded:1 Bounds:IsValid=true, Min=(X=660.000 Y=-190.000 Z=-280.000), Max=(X=1060.000 Y=210.000 Z=120.000) RuntimeGrid:None EditorOnly:0 RuntimeOnly:0 HLODRelevant:1 FolderPath:NewFolder1 FolderGuid:A4AC5828413AF3A91C97C7B02A2337C0
 |   |   |- [+] [  7]
 |   |   |   |- Guid:09F92A20462893D674B294995FF6E38A BaseClass: NativeClass:/Script/Engine.StaticMeshActor Name:StaticMeshActor_UAID_0C7A15AD735B8DAC01_1267559645 Label:Cube62 SpatiallyLoaded:1 Bounds:IsValid=true, Min=(X=660.000 Y=1810.000 Z=2820.000), Max=(X=1060.000 Y=2210.000 Z=3220.000) RuntimeGrid:None EditorOnly:0 RuntimeOnly:0 HLODRelevant:1 FolderPath:NewFolder1 FolderGuid:A4AC5828413AF3A91C97C7B02A2337C0
 |   |   |- [+] [  8]
 |   |   |   |- Guid:BDA214EC4ACCA0DD9E7A45A447261900 BaseClass: NativeClass:/Script/Engine.StaticMeshActor Name:StaticMeshActor_UAID_0C7A15AD735B8DAC01_1115604610 Label:Cube35 SpatiallyLoaded:1 Bounds:IsValid=true, Min=(X=660.000 Y=210.000 Z=120.000), Max=(X=1060.000 Y=610.000 Z=520.000) RuntimeGrid:None EditorOnly:0 RuntimeOnly:0 HLODRelevant:1 FolderPath:NewFolder1 FolderGuid:A4AC5828413AF3A91C97C7B02A2337C0
 |   |   |- [+] [  9]
 |   |   |   |- Guid:011B605F4296D30D63D5CBA5251F6CFC BaseClass: NativeClass:/Script/Engine.StaticMeshActor Name:StaticMeshActor_UAID_0C7A15AD735B8DAC01_1338112660 Label:Cube77 SpatiallyLoaded:1 Bounds:IsValid=true, Min=(X=660.000 Y=-2590.000 Z=3220.000), Max=(X=1060.000 Y=-2190.000 Z=3620.000) RuntimeGrid:None EditorOnly:0 RuntimeOnly:0 HLODRelevant:1 FolderPath:NewFolder1 FolderGuid:A4AC5828413AF3A91C97C7B02A2337C0
 |   |   |- [+] [ 10]
 |   |   |   |- Guid:DF3F980F416F791AE0CCA99C211BA857 BaseClass: NativeClass:/Script/Engine.StaticMeshActor Name:StaticMeshActor_UAID_0C7A15AD735B8DAC01_1120279612 Label:Cube37 SpatiallyLoaded:1 Bounds:IsValid=true, Min=(X=660.000 Y=-190.000 Z=120.000), Max=(X=1060.000 Y=210.000 Z=520.000) RuntimeGrid:None EditorOnly:0 RuntimeOnly:0 HLODRelevant:1 FolderPath:NewFolder1 FolderGuid:A4AC5828413AF3A91C97C7B02A2337C0
 |   |   |- [+] [ 11]
 |   |   |   |- Guid:7CD9F1164CD71E2F0EA149BB2EF98CD1 BaseClass: NativeClass:/Script/Engine.StaticMeshActor Name:StaticMeshActor_UAID_0C7A15AD735B8DAC01_1148576621 Label:Cube46 SpatiallyLoaded:1 Bounds:IsValid=true, Min=(X=660.000 Y=-1790.000 Z=-280.000), Max=(X=1060.000 Y=-1390.000 Z=120.000) RuntimeGrid:None EditorOnly:0 RuntimeOnly:0 HLODRelevant:1 FolderPath:NewFolder1 FolderGuid:A4AC5828413AF3A91C97C7B02A2337C0
 |   |   |- [+] [ 12]
 |   |   |   |- Guid:85560CA2410749E7706AE5BF172E655A BaseClass: NativeClass:/Script/Engine.WorldDataLayers Name:WorldDataLayers Label:WorldDataLayers SpatiallyLoaded:0 Bounds:IsValid=true, Min=(X=0.000 Y=0.000 Z=0.000), Max=(X=0.000 Y=0.000 Z=0.000) RuntimeGrid:None EditorOnly:0 RuntimeOnly:0 HLODRelevant:0
 |   |   |- [+] [ 13]
 |   |   |   |- Guid:596D8D8F4BF401B1B7784C8565404886 BaseClass: NativeClass:/Script/Engine.StaticMeshActor Name:StaticMeshActor_UAID_0C7A15AD735B8DAC01_1257700637 Label:Cube49 SpatiallyLoaded:1 Bounds:IsValid=true, Min=(X=660.000 Y=1810.000 Z=-280.000), Max=(X=1060.000 Y=2210.000 Z=120.000) RuntimeGrid:None EditorOnly:0 RuntimeOnly:0 HLODRelevant:1 FolderPath:NewFolder1 FolderGuid:A4AC5828413AF3A91C97C7B02A2337C0
 |   |   |- [+] [ 14]
 |   |   |   |- Guid:120F601747513967C911E98C7910A1FD BaseClass: NativeClass:/Script/Engine.StaticMeshActor Name:StaticMeshActor_UAID_0C7A15AD735B8DAC01_1219808632 Label:Cube57 SpatiallyLoaded:1 Bounds:IsValid=true, Min=(X=660.000 Y=-2990.000 Z=520.000), Max=(X=1060.000 Y=-2590.000 Z=920.000) RuntimeGrid:None EditorOnly:0 RuntimeOnly:0 HLODRelevant:1 FolderPath:NewFolder1 FolderGuid:A4AC5828413AF3A91C97C7B02A2337C0
 |   |   |- [+] [ 15]
 |   |   |   |- Guid:24E8AB2543C134B42BE62592AD2AF108 BaseClass: NativeClass:/Script/Engine.StaticMeshActor Name:StaticMeshActor_UAID_0C7A15AD735B8DAC01_1257703639 Label:Cube51 SpatiallyLoaded:1 Bounds:IsValid=true, Min=(X=660.000 Y=1810.000 Z=520.000), Max=(X=1060.000 Y=2210.000 Z=920.000) RuntimeGrid:None EditorOnly:0 RuntimeOnly:0 HLODRelevant:1 FolderPath:NewFolder1 FolderGuid:A4AC5828413AF3A91C97C7B02A2337C0
 |   |   |- [+] [ 16]
 |   |   |   |- Guid:E7E774B0431A77668DC093B6EDDD9C52 BaseClass: NativeClass:/Script/Engine.DirectionalLight Name:DirectionalLight_0 Label:DirectionalLight SpatiallyLoaded:0 Bounds:IsValid=true, Min=(X=-4398046511104.000 Y=-4398046511104.000 Z=-4398046511104.000), Max=(X=4398046511104.000 Y=4398046511104.000 Z=4398046511104.000) RuntimeGrid:None EditorOnly:0 RuntimeOnly:0 HLODRelevant:0 FolderPath:Lighting FolderGuid:963EC3EB4002CCE9759E2EBA541A873A
 |   |   |- [+] [ 17]
 |   |   |   |- Guid:0F857B6845054A146219688910671145 BaseClass: NativeClass:/Script/Engine.StaticMeshActor Name:StaticMeshActor_UAID_A4AE111137DC5EFB00_1110535423 Label:SM_SkySphere SpatiallyLoaded:0 Bounds:IsValid=true, Min=(X=-1638400.000 Y=-1638400.000 Z=-1638400.000), Max=(X=1638400.000 Y=1638400.000 Z=1638400.000) RuntimeGrid:None EditorOnly:0 RuntimeOnly:0 HLODRelevant:1 FolderPath:Lighting FolderGuid:963EC3EB4002CCE9759E2EBA541A873A
 |   |   |- [+] [ 18]
 |   |   |   |- Guid:7639AFBB4CDBE3E663CE2FA532B43139 BaseClass: NativeClass:/Script/Engine.StaticMeshActor Name:StaticMeshActor_UAID_0C7A15AD735B8DAC01_1219807631 Label:Cube56 SpatiallyLoaded:1 Bounds:IsValid=true, Min=(X=660.000 Y=-2990.000 Z=120.000), Max=(X=1060.000 Y=-2590.000 Z=520.000) RuntimeGrid:None EditorOnly:0 RuntimeOnly:0 HLODRelevant:1 FolderPath:NewFolder1 FolderGuid:A4AC5828413AF3A91C97C7B02A2337C0
 |   |   |- [+] [ 19]
 |   |   |   |- Guid:C1D6A5E3403A234C3C7573BB07FB4095 BaseClass: NativeClass:/Script/Engine.ExponentialHeightFog Name:ExponentialHeightFog_0 Label:ExponentialHeightFog SpatiallyLoaded:0 Bounds:IsValid=true, Min=(X=-5600.000 Y=-50.000 Z=-6850.000), Max=(X=-5600.000 Y=-50.000 Z=-6850.000) RuntimeGrid:None EditorOnly:0 RuntimeOnly:0 HLODRelevant:0 FolderPath:Lighting FolderGuid:963EC3EB4002CCE9759E2EBA541A873A
 |   |   |- [+] [ 20]
 |   |   |   |- Guid:3214388D42E16B6A2999E39DA2ECAA94 BaseClass: NativeClass:/Script/Engine.StaticMeshActor Name:StaticMeshActor_UAID_0C7A15AD735B8DAC01_1279101647 Label:Cube64 SpatiallyLoaded:1 Bounds:IsValid=true, Min=(X=660.000 Y=-2990.000 Z=2820.000), Max=(X=1060.000 Y=-2590.000 Z=3220.000) RuntimeGrid:None EditorOnly:0 RuntimeOnly:0 HLODRelevant:1 FolderPath:NewFolder1 FolderGuid:A4AC5828413AF3A91C97C7B02A2337C0
 |   |   |- [+] [ 21]
 |   |   |   |- Guid:7C7AEF734D02E5EEEE8540A4BF0139E5 BaseClass: NativeClass:/Script/Engine.StaticMeshActor Name:StaticMeshActor_UAID_0C7A15AD735B8DAC01_1291082648 Label:Cube65 SpatiallyLoaded:1 Bounds:IsValid=true, Min=(X=660.000 Y=1410.000 Z=3220.000), Max=(X=1060.000 Y=1810.000 Z=3620.000) RuntimeGrid:None EditorOnly:0 RuntimeOnly:0 HLODRelevant:1 FolderPath:NewFolder1 FolderGuid:A4AC5828413AF3A91C97C7B02A2337C0
 |   |   |- [+] [ 22]
 |   |   |   |- Guid:286EC062438F2800BD58719DF6776300 BaseClass: NativeClass:/Script/Engine.StaticMeshActor Name:StaticMeshActor_UAID_0C7A15AD735B8DAC01_1102520607 Label:Cube32 SpatiallyLoaded:1 Bounds:IsValid=true, Min=(X=660.000 Y=1010.000 Z=-280.000), Max=(X=1060.000 Y=1410.000 Z=120.000) RuntimeGrid:None EditorOnly:0 RuntimeOnly:0 HLODRelevant:1 FolderPath:NewFolder1 FolderGuid:A4AC5828413AF3A91C97C7B02A2337C0
 |   |   |- [+] [ 23]
 |   |   |   |- Guid:13A4AB974580BD936936939F8379CF27 BaseClass: NativeClass:/Script/Engine.StaticMeshActor Name:StaticMeshActor_UAID_0C7A15AD735B8DAC01_1136494617 Label:Cube42 SpatiallyLoaded:1 Bounds:IsValid=true, Min=(X=660.000 Y=-990.000 Z=520.000), Max=(X=1060.000 Y=-590.000 Z=920.000) RuntimeGrid:None EditorOnly:0 RuntimeOnly:0 HLODRelevant:1 FolderPath:NewFolder1 FolderGuid:A4AC5828413AF3A91C97C7B02A2337C0
 |   |   |- [+] [ 24]
 |   |   |   |- Guid:DF3799DB40BDB01331C956B8F8908F47 BaseClass: NativeClass:/Script/Engine.StaticMeshActor Name:StaticMeshActor_UAID_0C7A15AD735B8DAC01_1291092654 Label:Cube71 SpatiallyLoaded:1 Bounds:IsValid=true, Min=(X=660.000 Y=-990.000 Z=3220.000), Max=(X=1060.000 Y=-590.000 Z=3620.000) RuntimeGrid:None EditorOnly:0 RuntimeOnly:0 HLODRelevant:1 FolderPath:NewFolder1 FolderGuid:A4AC5828413AF3A91C97C7B02A2337C0
 |   |   |- [+] [ 25]
 |   |   |   |- Guid:B260538D4D12498989A481AC2C99DE65 BaseClass: NativeClass:/Script/Engine.StaticMeshActor Name:StaticMeshActor_UAID_0C7A15AD735B8DAC01_1110704609 Label:Cube34 SpatiallyLoaded:1 Bounds:IsValid=true, Min=(X=660.000 Y=210.000 Z=-280.000), Max=(X=1060.000 Y=610.000 Z=120.000) RuntimeGrid:None EditorOnly:0 RuntimeOnly:0 HLODRelevant:1 FolderPath:NewFolder1 FolderGuid:A4AC5828413AF3A91C97C7B02A2337C0
 |   |   |- [+] [ 26]
 |   |   |   |- Guid:FEEDDF4B412B551463AE40917DC32394 BaseClass: NativeClass:/Script/Engine.StaticMeshActor Name:StaticMeshActor_UAID_0C7A15AD735B8DAC01_1291095656 Label:Cube73 SpatiallyLoaded:1 Bounds:IsValid=true, Min=(X=660.000 Y=-1790.000 Z=3220.000), Max=(X=1060.000 Y=-1390.000 Z=3620.000) RuntimeGrid:None EditorOnly:0 RuntimeOnly:0 HLODRelevant:1 FolderPath:NewFolder1 FolderGuid:A4AC5828413AF3A91C97C7B02A2337C0
 |   |   |- [+] [ 27]
 |   |   |   |- Guid:A7E581FC41B6C7144ECCB7B0CF841D8A BaseClass: NativeClass:/Script/Engine.StaticMeshActor Name:StaticMeshActor_UAID_0C7A15AD735B8DAC01_1267558644 Label:Cube60 SpatiallyLoaded:1 Bounds:IsValid=true, Min=(X=660.000 Y=1810.000 Z=2420.000), Max=(X=1060.000 Y=2210.000 Z=2820.000) RuntimeGrid:None EditorOnly:0 RuntimeOnly:0 HLODRelevant:1 FolderPath:NewFolder1 FolderGuid:A4AC5828413AF3A91C97C7B02A2337C0
 |   |   |- [+] [ 28]
 |   |   |   |- Guid:DC5720E1435B10E2FA3A299F4D0BC29D BaseClass: NativeClass:/Script/Engine.StaticMeshActor Name:StaticMeshActor_UAID_0C7A15AD735B8DAC01_1140318620 Label:Cube45 SpatiallyLoaded:1 Bounds:IsValid=true, Min=(X=660.000 Y=-1390.000 Z=520.000), Max=(X=1060.000 Y=-990.000 Z=920.000) RuntimeGrid:None EditorOnly:0 RuntimeOnly:0 HLODRelevant:1 FolderPath:NewFolder1 FolderGuid:A4AC5828413AF3A91C97C7B02A2337C0
 |   |   |- [+] [ 29]
 |   |   |   |- Guid:A3DA5DE64CA5158A94E3F29FD60C06F1 BaseClass: NativeClass:/Script/Engine.StaticMeshActor Name:StaticMeshActor_UAID_0C7A15AD735B8DAC01_1106975608 Label:Cube33 SpatiallyLoaded:1 Bounds:IsValid=true, Min=(X=660.000 Y=610.000 Z=-280.000), Max=(X=1060.000 Y=1010.000 Z=120.000) RuntimeGrid:None EditorOnly:0 RuntimeOnly:0 HLODRelevant:1 FolderPath:NewFolder1 FolderGuid:A4AC5828413AF3A91C97C7B02A2337C0
 |   |   |- [+] [ 30]
 |   |   |   |- Guid:2A79546C40C628C5D85B6ABCC367B8AA BaseClass: NativeClass:/Script/Engine.StaticMeshActor Name:StaticMeshActor_UAID_0C7A15AD735B8DAC01_1262727640 Label:Cube52 SpatiallyLoaded:1 Bounds:IsValid=true, Min=(X=660.000 Y=1810.000 Z=920.000), Max=(X=1060.000 Y=2210.000 Z=1320.000) RuntimeGrid:None EditorOnly:0 RuntimeOnly:0 HLODRelevant:1 FolderPath:NewFolder1 FolderGuid:A4AC5828413AF3A91C97C7B02A2337C0
 |   |   |- [+] [ 31]
 |   |   |   |- Guid:FBD5BA10483E3DF97C6511865E971DCE BaseClass: NativeClass:/Script/Engine.StaticMeshActor Name:StaticMeshActor_UAID_0C7A15AD735B8DAC01_1291094655 Label:Cube72 SpatiallyLoaded:1 Bounds:IsValid=true, Min=(X=660.000 Y=-1390.000 Z=3220.000), Max=(X=1060.000 Y=-990.000 Z=3620.000) RuntimeGrid:None EditorOnly:0 RuntimeOnly:0 HLODRelevant:1 FolderPath:NewFolder1 FolderGuid:A4AC5828413AF3A91C97C7B02A2337C0
 |   |   |- [+] [ 32]
 |   |   |   |- Guid:948E43D8476ED42C7560288D3F109FC8 BaseClass: NativeClass:/Script/Engine.StaticMeshActor Name:StaticMeshActor_UAID_0C7A15AD735B8DAC01_1129950615 Label:Cube40 SpatiallyLoaded:1 Bounds:IsValid=true, Min=(X=660.000 Y=-990.000 Z=-280.000), Max=(X=1060.000 Y=-590.000 Z=120.000) RuntimeGrid:None EditorOnly:0 RuntimeOnly:0 HLODRelevant:1 FolderPath:NewFolder1 FolderGuid:A4AC5828413AF3A91C97C7B02A2337C0
 |   |   |- [+] [ 33]
 |   |   |   |- Guid:88BF1D214444968160D563B36A038C4E BaseClass: NativeClass:/Script/Engine.StaticMeshActor Name:StaticMeshActor_UAID_0C7A15AD735B8DAC01_1123784614 Label:Cube39 SpatiallyLoaded:1 Bounds:IsValid=true, Min=(X=660.000 Y=-590.000 Z=120.000), Max=(X=1060.000 Y=-190.000 Z=520.000) RuntimeGrid:None EditorOnly:0 RuntimeOnly:0 HLODRelevant:1 FolderPath:NewFolder1 FolderGuid:A4AC5828413AF3A91C97C7B02A2337C0
 |   |   |- [+] [ 34]
 |   |   |   |- Guid:FE0BEB7C45C7D1C97880F69C052CB314 BaseClass: NativeClass:/Script/Engine.StaticMeshActor Name:StaticMeshActor_UAID_0C7A15AD735B8DAC01_1140317619 Label:Cube44 SpatiallyLoaded:1 Bounds:IsValid=true, Min=(X=660.000 Y=-1390.000 Z=120.000), Max=(X=1060.000 Y=-990.000 Z=520.000) RuntimeGrid:None EditorOnly:0 RuntimeOnly:0 HLODRelevant:1 FolderPath:NewFolder1 FolderGuid:A4AC5828413AF3A91C97C7B02A2337C0
 |   |   |- [+] [ 35]
 |   |   |   |- Guid:8E53DDD440D021DFACF827988697B3BE BaseClass: NativeClass:/Script/Engine.PostProcessVolume Name:PostProcessVolume_0 Label:PostProcessVolume SpatiallyLoaded:0 Bounds:IsValid=true, Min=(X=0.000 Y=0.000 Z=400.000), Max=(X=200.000 Y=200.000 Z=600.000) RuntimeGrid:None EditorOnly:0 RuntimeOnly:0 HLODRelevant:0 FolderPath:Lighting FolderGuid:963EC3EB4002CCE9759E2EBA541A873A
 |   |   |- [+] [ 36]
 |   |   |   |- Guid:BC71847B43C29D1A2FCE1BB83655747B BaseClass: NativeClass:/Script/Engine.StaticMeshActor Name:StaticMeshActor_UAID_0C7A15AD735B8DAC01_1291090652 Label:Cube69 SpatiallyLoaded:1 Bounds:IsValid=true, Min=(X=660.000 Y=-190.000 Z=3220.000), Max=(X=1060.000 Y=210.000 Z=3620.000) RuntimeGrid:None EditorOnly:0 RuntimeOnly:0 HLODRelevant:1 FolderPath:NewFolder1 FolderGuid:A4AC5828413AF3A91C97C7B02A2337C0
 |   |   |- [+] [ 37]
 |   |   |   |- Guid:F8A521CE48356F64E4FB2A82AB311EC5 BaseClass: NativeClass:/Script/Engine.StaticMeshActor Name:StaticMeshActor_UAID_0C7A15AD735B8DAC01_1267555643 Label:Cube59 SpatiallyLoaded:1 Bounds:IsValid=true, Min=(X=660.000 Y=1810.000 Z=2020.000), Max=(X=1060.000 Y=2210.000 Z=2420.000) RuntimeGrid:None EditorOnly:0 RuntimeOnly:0 HLODRelevant:1 FolderPath:NewFolder1 FolderGuid:A4AC5828413AF3A91C97C7B02A2337C0
 |   |   |- [+] [ 38]
 |   |   |   |- Guid:F84F7A194E29BFD5009B2BA859B38846 BaseClass: NativeClass:/Script/Engine.PlayerStart Name:PlayerStart_UAID_04421AEBC1A4C8A801_1859832772 Label:PlayerStart SpatiallyLoaded:0 Bounds:IsValid=true, Min=(X=900.000 Y=1550.000 Z=150.000), Max=(X=980.000 Y=1630.000 Z=334.000) RuntimeGrid:None EditorOnly:0 RuntimeOnly:0 HLODRelevant:0
 |   |   |- [+] [ 39]
 |   |   |   |- Guid:060C247D496B5D73DFEA1CB84134B88E BaseClass: NativeClass:/Script/Engine.StaticMeshActor Name:StaticMeshActor_UAID_0C7A15AD735B8DAC01_1276240646 Label:Cube63 SpatiallyLoaded:1 Bounds:IsValid=true, Min=(X=660.000 Y=-2990.000 Z=2420.000), Max=(X=1060.000 Y=-2590.000 Z=2820.000) RuntimeGrid:None EditorOnly:0 RuntimeOnly:0 HLODRelevant:1 FolderPath:NewFolder1 FolderGuid:A4AC5828413AF3A91C97C7B02A2337C0
 |   |   |- [+] [ 40]
 |   |   |   |- Guid:C6A27372495CFA93F3ABC68F73FAE5A7 BaseClass: NativeClass:/Script/Engine.StaticMeshActor Name:StaticMeshActor_UAID_0C7A15AD735B8DAC01_1291098658 Label:Cube75 SpatiallyLoaded:1 Bounds:IsValid=true, Min=(X=660.000 Y=1810.000 Z=3220.000), Max=(X=1060.000 Y=2210.000 Z=3620.000) RuntimeGrid:None EditorOnly:0 RuntimeOnly:0 HLODRelevant:1 FolderPath:NewFolder1 FolderGuid:A4AC5828413AF3A91C97C7B02A2337C0
 |   |   |- [+] [ 41]
 |   |   |   |- Guid:55B200F44FDDD5AEBC0ED0A9227BC560 BaseClass: NativeClass:/Script/Engine.VolumetricCloud Name:VolumetricCloud_0 Label:VolumetricCloud SpatiallyLoaded:0 Bounds:IsValid=true, Min=(X=0.000 Y=0.000 Z=820.000), Max=(X=0.000 Y=0.000 Z=820.000) RuntimeGrid:None EditorOnly:0 RuntimeOnly:0 HLODRelevant:0 FolderPath:Lighting FolderGuid:963EC3EB4002CCE9759E2EBA541A873A
 |   |   |- [+] [ 42]
 |   |   |   |- Guid:68AFBC794A4D8C1CE2F7D9873F80B4C5 BaseClass: NativeClass:/Script/Engine.StaticMeshActor Name:StaticMeshActor_UAID_0C7A15AD735B8DAC01_1262731642 Label:Cube54 SpatiallyLoaded:1 Bounds:IsValid=true, Min=(X=660.000 Y=1810.000 Z=1720.000), Max=(X=1060.000 Y=2210.000 Z=2120.000) RuntimeGrid:None EditorOnly:0 RuntimeOnly:0 HLODRelevant:1 FolderPath:NewFolder1 FolderGuid:A4AC5828413AF3A91C97C7B02A2337C0
 |   |   |- [+] [ 43]
 |   |   |   |- Guid:57A11DA447D350C2B39DFB9A82F63149 BaseClass: NativeClass:/Script/Engine.StaticMeshActor Name:StaticMeshActor_UAID_0C7A15AD735B8DAC01_1129952616 Label:Cube41 SpatiallyLoaded:1 Bounds:IsValid=true, Min=(X=660.000 Y=-990.000 Z=120.000), Max=(X=1060.000 Y=-590.000 Z=520.000) RuntimeGrid:None EditorOnly:0 RuntimeOnly:0 HLODRelevant:1 FolderPath:NewFolder1 FolderGuid:A4AC5828413AF3A91C97C7B02A2337C0
 |   |   |- [+] [ 44]
 |   |   |   |- Guid:052A40D5419851AFE12EE4AAA5516B27 BaseClass: NativeClass:/Script/Engine.SkyLight Name:SkyLight_1 Label:SkyLight SpatiallyLoaded:0 Bounds:IsValid=true, Min=(X=0.000 Y=0.000 Z=690.000), Max=(X=0.000 Y=0.000 Z=690.000) RuntimeGrid:None EditorOnly:0 RuntimeOnly:0 HLODRelevant:0 FolderPath:Lighting FolderGuid:963EC3EB4002CCE9759E2EBA541A873A
 |   |   |- [+] [ 45]
 |   |   |   |- Guid:B9511E334C69B3EE106E1C819C2F8F65 BaseClass: NativeClass:/Script/Engine.StaticMeshActor Name:StaticMeshActor_UAID_0C7A15AD735B8DAC01_1291088651 Label:Cube68 SpatiallyLoaded:1 Bounds:IsValid=true, Min=(X=660.000 Y=210.000 Z=3220.000), Max=(X=1060.000 Y=610.000 Z=3620.000) RuntimeGrid:None EditorOnly:0 RuntimeOnly:0 HLODRelevant:1 FolderPath:NewFolder1 FolderGuid:A4AC5828413AF3A91C97C7B02A2337C0
 |   |   |- [+] [ 46]
 |   |   |   |- Guid:D05A2D484B32AEDB6BF787AF39C74D56 BaseClass: NativeClass:/Script/Engine.StaticMeshActor Name:StaticMeshActor_UAID_0C7A15AD735B8DAC01_1291087650 Label:Cube67 SpatiallyLoaded:1 Bounds:IsValid=true, Min=(X=660.000 Y=610.000 Z=3220.000), Max=(X=1060.000 Y=1010.000 Z=3620.000) RuntimeGrid:None EditorOnly:0 RuntimeOnly:0 HLODRelevant:1 FolderPath:NewFolder1 FolderGuid:A4AC5828413AF3A91C97C7B02A2337C0
 |   |   |- [+] [ 47]
 |   |   |   |- Guid:FA1AC5F64C2DCE00BCE799800EB93508 BaseClass: NativeClass:/Script/Engine.StaticMeshActor Name:StaticMeshActor_UAID_0C7A15AD735B8DAC01_1148579623 Label:Cube48 SpatiallyLoaded:1 Bounds:IsValid=true, Min=(X=660.000 Y=-1790.000 Z=520.000), Max=(X=1060.000 Y=-1390.000 Z=920.000) RuntimeGrid:None EditorOnly:0 RuntimeOnly:0 HLODRelevant:1 FolderPath:NewFolder1 FolderGuid:A4AC5828413AF3A91C97C7B02A2337C0
 |   |   |- [+] [ 48]
 |   |   |   |- Guid:BCFBBB6C48A74ADA1D7C0BBE8F4A3432 BaseClass:/Game/Blueprints/PlayerController/BP_LevelEnd.BP_LevelEnd_C NativeClass:/Script/Engine.Actor Name:BP_LevelEnd_C_UAID_0C7A15AD735B92AC01_1482569487 Label:BP_LevelEnd SpatiallyLoaded:1 Bounds:IsValid=true, Min=(X=772.000 Y=672.000 Z=172.000), Max=(X=1028.000 Y=928.000 Z=428.000) RuntimeGrid:None EditorOnly:0 RuntimeOnly:0 HLODRelevant:0
 |   |   |- [+] [ 49]
 |   |   |   |- Guid:5A6E74334014C2B06E536DA278212B0A BaseClass: NativeClass:/Script/Engine.StaticMeshActor Name:StaticMeshActor_UAID_0C7A15AD735B8DAC01_1262729641 Label:Cube53 SpatiallyLoaded:1 Bounds:IsValid=true, Min=(X=660.000 Y=1810.000 Z=1320.000), Max=(X=1060.000 Y=2210.000 Z=1720.000) RuntimeGrid:None EditorOnly:0 RuntimeOnly:0 HLODRelevant:1 FolderPath:NewFolder1 FolderGuid:A4AC5828413AF3A91C97C7B02A2337C0
 |   |   |- [+] [ 50]
 |   |   |   |- Guid:BCD0EAEF4E1E7859BF0AB28EC195EB33 BaseClass: NativeClass:/Script/Engine.StaticMeshActor Name:StaticMeshActor_UAID_0C7A15AD735B8DAC01_1241815636 Label:Cube61 SpatiallyLoaded:1 Bounds:IsValid=true, Min=(X=660.000 Y=-2990.000 Z=2020.000), Max=(X=1060.000 Y=-2590.000 Z=2420.000) RuntimeGrid:None EditorOnly:0 RuntimeOnly:0 HLODRelevant:1 FolderPath:NewFolder1 FolderGuid:A4AC5828413AF3A91C97C7B02A2337C0
 |   |   |- [+] [ 51]
 |   |   |   |- Guid:E1928F82439605C232ABDEBECF509AE1 BaseClass: NativeClass:/Script/Engine.StaticMeshActor Name:StaticMeshActor_UAID_0C7A15AD735B8DAC01_1291096657 Label:Cube74 SpatiallyLoaded:1 Bounds:IsValid=true, Min=(X=660.000 Y=-2990.000 Z=3220.000), Max=(X=1060.000 Y=-2590.000 Z=3620.000) RuntimeGrid:None EditorOnly:0 RuntimeOnly:0 HLODRelevant:1 FolderPath:NewFolder1 FolderGuid:A4AC5828413AF3A91C97C7B02A2337C0
 |   |   |- [+] [ 52]
 |   |   |   |- Guid:E43A2F914D63E4391ACB3CB6D96B7548 BaseClass: NativeClass:/Script/Engine.StaticMeshActor Name:StaticMeshActor_UAID_0C7A15AD735B8DAC01_1232305633 Label:Cube58 SpatiallyLoaded:1 Bounds:IsValid=true, Min=(X=660.000 Y=-2990.000 Z=920.000), Max=(X=1060.000 Y=-2590.000 Z=1320.000) RuntimeGrid:None EditorOnly:0 RuntimeOnly:0 HLODRelevant:1 FolderPath:NewFolder1 FolderGuid:A4AC5828413AF3A91C97C7B02A2337C0
 |   |   |- [+] [ 53]
 |   |   |   |- Guid:A525CF6A41FD08979C164792AF1E33AF BaseClass: NativeClass:/Script/Engine.StaticMeshActor Name:StaticMeshActor_UAID_0C7A15AD735B8DAC01_1140315618 Label:Cube43 SpatiallyLoaded:1 Bounds:IsValid=true, Min=(X=660.000 Y=-1390.000 Z=-280.000), Max=(X=1060.000 Y=-990.000 Z=120.000) RuntimeGrid:None EditorOnly:0 RuntimeOnly:0 HLODRelevant:1 FolderPath:NewFolder1 FolderGuid:A4AC5828413AF3A91C97C7B02A2337C0
 |   |   |- [+] [ 54]
 |   |   |   |- Guid:1F7F3204495A87FEA788F6879A6246AD BaseClass: NativeClass:/Script/Engine.StaticMeshActor Name:StaticMeshActor_UAID_0C7A15AD735B8DAC01_1148578622 Label:Cube47 SpatiallyLoaded:1 Bounds:IsValid=true, Min=(X=660.000 Y=-1790.000 Z=120.000), Max=(X=1060.000 Y=-1390.000 Z=520.000) RuntimeGrid:None EditorOnly:0 RuntimeOnly:0 HLODRelevant:1 FolderPath:NewFolder1 FolderGuid:A4AC5828413AF3A91C97C7B02A2337C0
 |   |   |- [+] [ 55]
 |   |   |   |- Guid:9AE43AF74E8EB00F080E9184148183BF BaseClass: NativeClass:/Script/Engine.StaticMeshActor Name:StaticMeshActor_UAID_0C7A15AD735B8DAC01_1335320659 Label:Cube76 SpatiallyLoaded:1 Bounds:IsValid=true, Min=(X=660.000 Y=-2190.000 Z=3220.000), Max=(X=1060.000 Y=-1790.000 Z=3620.000) RuntimeGrid:None EditorOnly:0 RuntimeOnly:0 HLODRelevant:1 FolderPath:NewFolder1 FolderGuid:A4AC5828413AF3A91C97C7B02A2337C0
 |   |   |- [+] [ 56]
 |   |   |   |- Guid:D5D7D7F544B2386745B02F8B9F272156 BaseClass: NativeClass:/Script/Engine.StaticMeshActor Name:StaticMeshActor_UAID_0C7A15AD735B8DAC01_1257702638 Label:Cube50 SpatiallyLoaded:1 Bounds:IsValid=true, Min=(X=660.000 Y=1810.000 Z=120.000), Max=(X=1060.000 Y=2210.000 Z=520.000) RuntimeGrid:None EditorOnly:0 RuntimeOnly:0 HLODRelevant:1 FolderPath:NewFolder1 FolderGuid:A4AC5828413AF3A91C97C7B02A2337C0
 |- ContainerInstances:
 |- [+] MainContainer:
 |   |-        ID: 0x0000000000000000
 |   |-    Bounds: IsValid=false, Min=(X=0.000 Y=0.000 Z=0.000), Max=(X=0.000 Y=0.000 Z=0.000)
 |   |- Transform: 0.000000,0.000000,0.000000|0.000000,0.000000,-0.000000|1.000000,1.000000,1.000000
 |   |- Container: /Game/Scenes/MainMenu
----------------------------------------------------------------------------------------------------------------
MainMenu - Persistent Level
----------------------------------------------------------------------------------------------------------------
Always loaded Actor Count: 64 

----------------------------------------------------------------------------------------------------------------
MainMenu - Runtime Spatial Hash - Streaming Grid - MainGrid
----------------------------------------------------------------------------------------------------------------
            Origin: X=0.000 Y=0.000 Z=0.000
         Cell Size: 12800
      World Bounds: IsValid=false, Min=(X=0.000 Y=0.000 Z=0.000), Max=(X=0.000 Y=0.000 Z=0.000)
     Loading Range: 25600.00
Block Slow Loading: No
 ClientOnlyVisible: No

[+] Grid Levels: 1
 |- Level  0: Cell Count    0 | Cell Size   12800 | Actor Count    0 (0.0%)

[+] Content of Grid Level 0

