[+] Containers:
 |- [+] Container: /Game/Scenes/ThirdPersonMap
 |   |- [+] ActorDescs:
 |   |   |- Guid:075FA55F45B39377E35880832FA56846 BaseClass: NativeClass:/Script/Engine.StaticMeshActor Name:StaticMeshActor_UAID_004E0199CCDF48AB01_1894816418 Label:Cube12 SpatiallyLoaded:1 Bounds:IsValid=true, Min=(X=610.000 Y=-1500.000 Z=-470.000), Max=(X=1110.000 Y=-1000.000 Z=30.000) RuntimeGrid:None EditorOnly:0 RuntimeOnly:0 HLODRelevant:1
 |   |   |- Guid:08387F694EBB964987C4C8A3D0703C94 BaseClass: NativeClass:/Script/Engine.StaticMeshActor Name:StaticMeshActor_UAID_004E0199CCDF49AB01_1277360641 Label:Cube47 SpatiallyLoaded:1 Bounds:IsValid=true, Min=(X=610.000 Y=-5500.000 Z=-470.000), Max=(X=1110.000 Y=-5000.000 Z=30.000) RuntimeGrid:None EditorOnly:0 RuntimeOnly:0 HLODRelevant:1
 |   |   |- Guid:08EB34974AAA9DFEB3C7FFBDFC98C7C1 BaseClass: NativeClass:/Script/Engine.StaticMeshActor Name:StaticMeshActor_UAID_004E0199CCDF48AB01_1860228408 Label:Cube2 SpatiallyLoaded:1 Bounds:IsValid=true, Min=(X=610.000 Y=1000.000 Z=-470.000), Max=(X=1110.000 Y=1500.000 Z=30.000) RuntimeGrid:None EditorOnly:0 RuntimeOnly:0 HLODRelevant:1
 |   |   |- Guid:12198BD34F75C0AE098A58960DF2CDFA BaseClass: NativeClass:/Script/Engine.StaticMeshActor Name:StaticMeshActor_UAID_004E0199CCDF4AAB01_1885020769 Label:Cube68 SpatiallyLoaded:1 Bounds:IsValid=true, Min=(X=610.000 Y=1500.000 Z=3520.000), Max=(X=1110.000 Y=2000.000 Z=4020.000) RuntimeGrid:None EditorOnly:0 RuntimeOnly:0 HLODRelevant:1
 |   |   |- Guid:13E521DE4871B6AA4FBA2DA5D9A30C66 BaseClass: NativeClass:/Script/Engine.StaticMeshActor Name:StaticMeshActor_UAID_004E0199CCDF49AB01_1287570649 Label:Cube55 SpatiallyLoaded:1 Bounds:IsValid=true, Min=(X=610.000 Y=-5500.000 Z=1520.000), Max=(X=1110.000 Y=-5000.000 Z=2020.000) RuntimeGrid:None EditorOnly:0 RuntimeOnly:0 HLODRelevant:1
 |   |   |- Guid:13F3488643F76B2E9470DABEDB4D9980 BaseClass: NativeClass:/Script/Engine.PlayerStart Name:PlayerStart_UAID_04421AEBC1A4C8A801_1859832772 Label:PlayerStart SpatiallyLoaded:0 Bounds:IsValid=true, Min=(X=900.000 Y=1550.000 Z=150.000), Max=(X=980.000 Y=1630.000 Z=334.000) RuntimeGrid:None EditorOnly:0 RuntimeOnly:0 HLODRelevant:0
 |   |   |- Guid:164DF963459F3CA5886E8BACC1864A0E BaseClass: NativeClass:/Script/Engine.StaticMeshActor Name:StaticMeshActor_UAID_004E0199CCDF48AB01_1957329443 Label:Cube35 SpatiallyLoaded:1 Bounds:IsValid=true, Min=(X=610.000 Y=-3000.000 Z=3020.000), Max=(X=1110.000 Y=-2500.000 Z=3520.000) RuntimeGrid:None EditorOnly:0 RuntimeOnly:0 HLODRelevant:1
 |   |   |- Guid:16DB90B34DFE8F6D6ADAA7B6E126EEB6 BaseClass: NativeClass:/Script/Engine.StaticMeshActor Name:StaticMeshActor_UAID_004E0199CCDF49AB01_1273030633 Label:Cube39 SpatiallyLoaded:1 Bounds:IsValid=true, Min=(X=610.000 Y=-4500.000 Z=-470.000), Max=(X=1110.000 Y=-4000.000 Z=30.000) RuntimeGrid:None EditorOnly:0 RuntimeOnly:0 HLODRelevant:1
 |   |   |- Guid:1A1FA13742F0DF1A5DF89094D71ABCB5 BaseClass: NativeClass:/Script/Engine.StaticMeshActor Name:StaticMeshActor_UAID_004E0199CCDF48AB01_1894814416 Label:Cube10 SpatiallyLoaded:1 Bounds:IsValid=true, Min=(X=610.000 Y=-1000.000 Z=30.000), Max=(X=1110.000 Y=-500.000 Z=530.000) RuntimeGrid:None EditorOnly:0 RuntimeOnly:0 HLODRelevant:1
 |   |   |- Guid:1FC442F043CF5C25D3602D890C5C7891 BaseClass: NativeClass:/Script/Engine.StaticMeshActor Name:StaticMeshActor_UAID_004E0199CCDF49AB01_1287572651 Label:Cube57 SpatiallyLoaded:1 Bounds:IsValid=true, Min=(X=610.000 Y=-5500.000 Z=2520.000), Max=(X=1110.000 Y=-5000.000 Z=3020.000) RuntimeGrid:None EditorOnly:0 RuntimeOnly:0 HLODRelevant:1
 |   |   |- Guid:23F7BF844C31178F658CCFA45667CB76 BaseClass: NativeClass:/Script/Engine.StaticMeshActor Name:StaticMeshActor_UAID_004E0199CCDF48AB01_1957327441 Label:Cube33 SpatiallyLoaded:1 Bounds:IsValid=true, Min=(X=610.000 Y=-3000.000 Z=2520.000), Max=(X=1110.000 Y=-2500.000 Z=3020.000) RuntimeGrid:None EditorOnly:0 RuntimeOnly:0 HLODRelevant:1
 |   |   |- Guid:29F79D33419CD3D274752282755E9277 BaseClass: NativeClass:/Script/Engine.StaticMeshActor Name:StaticMeshActor_UAID_004E0199CCDF4AAB01_1891535773 Label:Cube72 SpatiallyLoaded:1 Bounds:IsValid=true, Min=(X=610.000 Y=-3500.000 Z=3520.000), Max=(X=1110.000 Y=-3000.000 Z=4020.000) RuntimeGrid:None EditorOnly:0 RuntimeOnly:0 HLODRelevant:1
 |   |   |- Guid:2B82D03841D919DC9B04829472019981 BaseClass: NativeClass:/Script/Engine.StaticMeshActor Name:StaticMeshActor_UAID_004E0199CCDF48AB01_2085807450 Label:Cube20 SpatiallyLoaded:1 Bounds:IsValid=true, Min=(X=610.000 Y=2000.000 Z=2020.000), Max=(X=1110.000 Y=2500.000 Z=2520.000) RuntimeGrid:None EditorOnly:0 RuntimeOnly:0 HLODRelevant:1
 |   |   |- Guid:2C4008B04AD6E064AC03808F51DD7319 BaseClass: NativeClass:/Script/Engine.StaticMeshActor Name:StaticMeshActor_UAID_004E0199CCDF48AB01_2015755446 Label:Cube16 SpatiallyLoaded:1 Bounds:IsValid=true, Min=(X=610.000 Y=2000.000 Z=30.000), Max=(X=1110.000 Y=2500.000 Z=530.000) RuntimeGrid:None EditorOnly:0 RuntimeOnly:0 HLODRelevant:1
 |   |   |- Guid:2CA88ECC4DB668CD06C9838A374D5F63 BaseClass: NativeClass:/Script/Engine.StaticMeshActor Name:StaticMeshActor_UAID_004E0199CCDF4AAB01_1869996762 Label:Cube61 SpatiallyLoaded:1 Bounds:IsValid=true, Min=(X=610.000 Y=-2000.000 Z=3520.000), Max=(X=1110.000 Y=-1500.000 Z=4020.000) RuntimeGrid:None EditorOnly:0 RuntimeOnly:0 HLODRelevant:1
 |   |   |- Guid:2D0E8FE7463602E9B757C79774114DB0 BaseClass: NativeClass:/Script/Engine.StaticMeshActor Name:StaticMeshActor_UAID_004E0199CCDF48AB01_2020936449 Label:Cube19 SpatiallyLoaded:1 Bounds:IsValid=true, Min=(X=610.000 Y=2000.000 Z=1520.000), Max=(X=1110.000 Y=2500.000 Z=2020.000) RuntimeGrid:None EditorOnly:0 RuntimeOnly:0 HLODRelevant:1
 |   |   |- Guid:2FB58999456391D349DC0F86DAC136ED BaseClass: NativeClass:/Script/Engine.SkyLight Name:SkyLight_1 Label:SkyLight SpatiallyLoaded:0 Bounds:IsValid=true, Min=(X=0.000 Y=0.000 Z=690.000), Max=(X=0.000 Y=0.000 Z=690.000) RuntimeGrid:None EditorOnly:0 RuntimeOnly:0 HLODRelevant:0 FolderPath:Lighting FolderGuid:963EC3EB4002CCE9759E2EBA541A873A
 |   |   |- Guid:316CF2A6494ACA4C0E4180A87D36AB8F BaseClass: NativeClass:/Script/Engine.ExponentialHeightFog Name:ExponentialHeightFog_0 Label:ExponentialHeightFog SpatiallyLoaded:0 Bounds:IsValid=true, Min=(X=-5600.000 Y=-50.000 Z=-6850.000), Max=(X=-5600.000 Y=-50.000 Z=-6850.000) RuntimeGrid:None EditorOnly:0 RuntimeOnly:0 HLODRelevant:0 FolderPath:Lighting FolderGuid:963EC3EB4002CCE9759E2EBA541A873A
 |   |   |- Guid:32ECBCB8445B3AC7BE6B3D8513EE7ACE BaseClass: NativeClass:/Script/Engine.StaticMeshActor Name:StaticMeshActor_UAID_004E0199CCDF49AB01_1287571650 Label:Cube56 SpatiallyLoaded:1 Bounds:IsValid=true, Min=(X=610.000 Y=-5000.000 Z=2520.000), Max=(X=1110.000 Y=-4500.000 Z=3020.000) RuntimeGrid:None EditorOnly:0 RuntimeOnly:0 HLODRelevant:1
 |   |   |- Guid:3381E6C344EB65DC9481EE8247324850 BaseClass: NativeClass:/Script/Engine.StaticMeshActor Name:StaticMeshActor_UAID_004E0199CCDF49AB01_1273028631 Label:Cube37 SpatiallyLoaded:1 Bounds:IsValid=true, Min=(X=610.000 Y=-4000.000 Z=30.000), Max=(X=1110.000 Y=-3500.000 Z=530.000) RuntimeGrid:None EditorOnly:0 RuntimeOnly:0 HLODRelevant:1
 |   |   |- Guid:3BD7C4C7449CEFEC616B3AAD44F6F53F BaseClass: NativeClass:/Script/Engine.StaticMeshActor Name:StaticMeshActor_UAID_004E0199CCDF4AAB01_1542743760 Label:Shape_Wedge_B2 SpatiallyLoaded:1 Bounds:IsValid=true, Min=(X=610.000 Y=-3177.500 Z=-80.000), Max=(X=1110.000 Y=-1902.500 Z=420.000) RuntimeGrid:None EditorOnly:0 RuntimeOnly:0 HLODRelevant:1
 |   |   |- Guid:3C7F822B42000D129171C297AA0F9695 BaseClass: NativeClass:/Script/Engine.StaticMeshActor Name:StaticMeshActor_UAID_004E0199CCDF48AB01_1901931420 Label:Cube14 SpatiallyLoaded:1 Bounds:IsValid=true, Min=(X=610.000 Y=-1500.000 Z=530.000), Max=(X=1110.000 Y=-1000.000 Z=1030.000) RuntimeGrid:None EditorOnly:0 RuntimeOnly:0 HLODRelevant:1
 |   |   |- Guid:3E4C0C4C4E8B42624AEE88A0AEAB510F BaseClass: NativeClass:/Script/Engine.StaticMeshActor Name:StaticMeshActor_UAID_004E0199CCDF49AB01_1089824629 Label:Cube31 SpatiallyLoaded:1 Bounds:IsValid=true, Min=(X=610.000 Y=500.000 Z=30.000), Max=(X=1110.000 Y=1000.000 Z=530.000) RuntimeGrid:None EditorOnly:0 RuntimeOnly:0 HLODRelevant:1
 |   |   |- Guid:3F16CC394A772DEE27AA6EA2D53D0FBA BaseClass: NativeClass:/Script/Engine.StaticMeshActor Name:StaticMeshActor_UAID_004E0199CCDF48AB01_1916988430 Label:Cube24 SpatiallyLoaded:1 Bounds:IsValid=true, Min=(X=610.000 Y=-3500.000 Z=-470.000), Max=(X=1110.000 Y=-3000.000 Z=30.000) RuntimeGrid:None EditorOnly:0 RuntimeOnly:0 HLODRelevant:1
 |   |   |- Guid:484D398C45E7D1E0442543AB3D9104C6 BaseClass: NativeClass:/Script/Engine.StaticMeshActor Name:StaticMeshActor_UAID_004E0199CCDF49AB01_1273031635 Label:Cube41 SpatiallyLoaded:1 Bounds:IsValid=true, Min=(X=610.000 Y=-4500.000 Z=530.000), Max=(X=1110.000 Y=-4000.000 Z=1030.000) RuntimeGrid:None EditorOnly:0 RuntimeOnly:0 HLODRelevant:1
 |   |   |- Guid:4A56EBE3480892847379F08C5433566A BaseClass: NativeClass:/Script/Engine.StaticMeshActor Name:StaticMeshActor_UAID_004E0199CCDF49AB01_1287573652 Label:Cube58 SpatiallyLoaded:1 Bounds:IsValid=true, Min=(X=610.000 Y=-5000.000 Z=3020.000), Max=(X=1110.000 Y=-4500.000 Z=3520.000) RuntimeGrid:None EditorOnly:0 RuntimeOnly:0 HLODRelevant:1
 |   |   |- Guid:4D3BE93F4146AAAC8BBE79999D96D57F BaseClass: NativeClass:/Script/Engine.VolumetricCloud Name:VolumetricCloud_0 Label:VolumetricCloud SpatiallyLoaded:0 Bounds:IsValid=true, Min=(X=0.000 Y=0.000 Z=820.000), Max=(X=0.000 Y=0.000 Z=820.000) RuntimeGrid:None EditorOnly:0 RuntimeOnly:0 HLODRelevant:0 FolderPath:Lighting FolderGuid:963EC3EB4002CCE9759E2EBA541A873A
 |   |   |- Guid:4D95C7AA4DB6CF52B6F4968C1B2CB2D7 BaseClass: NativeClass:/Script/Engine.StaticMeshActor Name:StaticMeshActor_UAID_004E0199CCDF48AB01_1916986428 Label:Cube22 SpatiallyLoaded:1 Bounds:IsValid=true, Min=(X=610.000 Y=-3000.000 Z=30.000), Max=(X=1110.000 Y=-2500.000 Z=530.000) RuntimeGrid:None EditorOnly:0 RuntimeOnly:0 HLODRelevant:1
 |   |   |- Guid:56338F0A40EDE94BF8A724BC0069D4A8 BaseClass: NativeClass:/Script/Engine.StaticMeshActor Name:StaticMeshActor_UAID_004E0199CCDF49AB01_1277358639 Label:Cube45 SpatiallyLoaded:1 Bounds:IsValid=true, Min=(X=610.000 Y=-5000.000 Z=30.000), Max=(X=1110.000 Y=-4500.000 Z=530.000) RuntimeGrid:None EditorOnly:0 RuntimeOnly:0 HLODRelevant:1
 |   |   |- Guid:579B7CBC4B9D8E01F6993AB9F6CC025B BaseClass: NativeClass:/Script/Engine.StaticMeshActor Name:StaticMeshActor_UAID_004E0199CCDF48AB01_1916987429 Label:Cube23 SpatiallyLoaded:1 Bounds:IsValid=true, Min=(X=610.000 Y=-3500.000 Z=30.000), Max=(X=1110.000 Y=-3000.000 Z=530.000) RuntimeGrid:None EditorOnly:0 RuntimeOnly:0 HLODRelevant:1
 |   |   |- Guid:582982AA4093F285317732B20145A6E5 BaseClass: NativeClass:/Script/Engine.StaticMeshActor Name:StaticMeshActor_UAID_004E0199CCDF48AB01_1901930419 Label:Cube13 SpatiallyLoaded:1 Bounds:IsValid=true, Min=(X=610.000 Y=-1000.000 Z=530.000), Max=(X=1110.000 Y=-500.000 Z=1030.000) RuntimeGrid:None EditorOnly:0 RuntimeOnly:0 HLODRelevant:1
 |   |   |- Guid:592464C246827FA3AC7FF4AF2D156064 BaseClass: NativeClass:/Script/Engine.StaticMeshActor Name:StaticMeshActor_UAID_004E0199CCDF4AAB01_1891534772 Label:Cube71 SpatiallyLoaded:1 Bounds:IsValid=true, Min=(X=610.000 Y=-4000.000 Z=3520.000), Max=(X=1110.000 Y=-3500.000 Z=4020.000) RuntimeGrid:None EditorOnly:0 RuntimeOnly:0 HLODRelevant:1
 |   |   |- Guid:5A4DFA2A4A588712F91443ADCF07F61D BaseClass: NativeClass:/Script/Engine.StaticMeshActor Name:StaticMeshActor_UAID_004E0199CCDF49AB01_1273031634 Label:Cube40 SpatiallyLoaded:1 Bounds:IsValid=true, Min=(X=610.000 Y=-4000.000 Z=530.000), Max=(X=1110.000 Y=-3500.000 Z=1030.000) RuntimeGrid:None EditorOnly:0 RuntimeOnly:0 HLODRelevant:1
 |   |   |- Guid:5C1A2CC14F4031EBCC50AB8EE8B639C0 BaseClass: NativeClass:/Script/Engine.StaticMeshActor Name:StaticMeshActor_UAID_004E0199CCDF4AAB01_1404593759 Label:Shape_Wedge_B SpatiallyLoaded:1 Bounds:IsValid=true, Min=(X=610.000 Y=-4500.000 Z=1520.000), Max=(X=1110.000 Y=-4000.000 Z=2020.000) RuntimeGrid:None EditorOnly:0 RuntimeOnly:0 HLODRelevant:1
 |   |   |- Guid:5D2CAB03484ECE1EC325B9BF2BA85E6C BaseClass: NativeClass:/Script/Engine.StaticMeshActor Name:StaticMeshActor_UAID_004E0199CCDF48AB01_1916984427 Label:Cube21 SpatiallyLoaded:1 Bounds:IsValid=true, Min=(X=610.000 Y=-3000.000 Z=-470.000), Max=(X=1110.000 Y=-2500.000 Z=30.000) RuntimeGrid:None EditorOnly:0 RuntimeOnly:0 HLODRelevant:1
 |   |   |- Guid:5DA6B9EF4969F3BE391464A0BFED361D BaseClass: NativeClass:/Script/Engine.StaticMeshActor Name:StaticMeshActor_UAID_004E0199CCDF4AAB01_1879403767 Label:Cube66 SpatiallyLoaded:1 Bounds:IsValid=true, Min=(X=610.000 Y=500.000 Z=3520.000), Max=(X=1110.000 Y=1000.000 Z=4020.000) RuntimeGrid:None EditorOnly:0 RuntimeOnly:0 HLODRelevant:1
 |   |   |- Guid:602C3DBF48AA930A6E7CE7A2D2CA6935 BaseClass: NativeClass:/Script/Engine.StaticMeshActor Name:StaticMeshActor_UAID_004E0199CCDF4AAB01_1885022770 Label:Cube69 SpatiallyLoaded:1 Bounds:IsValid=true, Min=(X=610.000 Y=2000.000 Z=3520.000), Max=(X=1110.000 Y=2500.000 Z=4020.000) RuntimeGrid:None EditorOnly:0 RuntimeOnly:0 HLODRelevant:1
 |   |   |- Guid:61912B2D41F8DBABDDABD7A15C9F603A BaseClass: NativeClass:/Script/Engine.StaticMeshActor Name:StaticMeshActor_UAID_004E0199CCDF4AAB01_1879404768 Label:Cube67 SpatiallyLoaded:1 Bounds:IsValid=true, Min=(X=610.000 Y=1000.000 Z=3520.000), Max=(X=1110.000 Y=1500.000 Z=4020.000) RuntimeGrid:None EditorOnly:0 RuntimeOnly:0 HLODRelevant:1
 |   |   |- Guid:6193F0D94A308F12723B99976941F733 BaseClass: NativeClass:/Script/Engine.StaticMeshActor Name:StaticMeshActor_UAID_004E0199CCDF48AB01_1871959411 Label:Cube5 SpatiallyLoaded:1 Bounds:IsValid=true, Min=(X=610.000 Y=-500.000 Z=-470.000), Max=(X=1110.000 Y=0.000 Z=30.000) RuntimeGrid:None EditorOnly:0 RuntimeOnly:0 HLODRelevant:1
 |   |   |- Guid:684E180B425643F608142696C9622464 BaseClass: NativeClass:/Script/Engine.StaticMeshActor Name:StaticMeshActor_UAID_004E0199CCDF48AB01_1818019407 Label:Cube SpatiallyLoaded:1 Bounds:IsValid=true, Min=(X=610.000 Y=1500.000 Z=-470.000), Max=(X=1110.000 Y=2000.000 Z=30.000) RuntimeGrid:None EditorOnly:0 RuntimeOnly:0 HLODRelevant:1
 |   |   |- Guid:6BAF4DDD444C60371492D3919DB42C97 BaseClass: NativeClass:/Script/Engine.WorldDataLayers Name:WorldDataLayers Label:WorldDataLayers SpatiallyLoaded:0 Bounds:IsValid=true, Min=(X=0.000 Y=0.000 Z=0.000), Max=(X=0.000 Y=0.000 Z=0.000) RuntimeGrid:None EditorOnly:0 RuntimeOnly:0 HLODRelevant:0
 |   |   |- Guid:70E38EDE441B083EA0191E9BF36D11F9 BaseClass: NativeClass:/Script/Engine.StaticMeshActor Name:StaticMeshActor_UAID_004E0199CCDF49AB01_1287574653 Label:Cube59 SpatiallyLoaded:1 Bounds:IsValid=true, Min=(X=610.000 Y=-5500.000 Z=3020.000), Max=(X=1110.000 Y=-5000.000 Z=3520.000) RuntimeGrid:None EditorOnly:0 RuntimeOnly:0 HLODRelevant:1
 |   |   |- Guid:71BC21C4442AACB63AFEAA94A7FB46F4 BaseClass: NativeClass:/Script/Engine.StaticMeshActor Name:StaticMeshActor_UAID_004E0199CCDF48AB01_2085809451 Label:Cube29 SpatiallyLoaded:1 Bounds:IsValid=true, Min=(X=610.000 Y=2000.000 Z=2520.000), Max=(X=1110.000 Y=2500.000 Z=3020.000) RuntimeGrid:None EditorOnly:0 RuntimeOnly:0 HLODRelevant:1
 |   |   |- Guid:735210DF4C0D83926D0F708768669001 BaseClass: NativeClass:/Script/Engine.StaticMeshActor Name:StaticMeshActor_UAID_004E0199CCDF49AB01_1277364645 Label:Cube51 SpatiallyLoaded:1 Bounds:IsValid=true, Min=(X=610.000 Y=-5500.000 Z=1020.000), Max=(X=1110.000 Y=-5000.000 Z=1520.000) RuntimeGrid:None EditorOnly:0 RuntimeOnly:0 HLODRelevant:1
 |   |   |- Guid:75A9E31B496EDC7669AF0FAF317D1176 BaseClass: NativeClass:/Script/Engine.StaticMeshActor Name:StaticMeshActor_UAID_004E0199CCDF4AAB01_1875365765 Label:Cube64 SpatiallyLoaded:1 Bounds:IsValid=true, Min=(X=610.000 Y=-500.000 Z=3520.000), Max=(X=1110.000 Y=0.000 Z=4020.000) RuntimeGrid:None EditorOnly:0 RuntimeOnly:0 HLODRelevant:1
 |   |   |- Guid:76F2A69B412139A0755B68ADDB2F7CBC BaseClass: NativeClass:/Script/Engine.StaticMeshActor Name:StaticMeshActor_UAID_004E0199CCDF48AB01_1864669409 Label:Cube3 SpatiallyLoaded:1 Bounds:IsValid=true, Min=(X=610.000 Y=500.000 Z=-470.000), Max=(X=1110.000 Y=1000.000 Z=30.000) RuntimeGrid:None EditorOnly:0 RuntimeOnly:0 HLODRelevant:1
 |   |   |- Guid:78FE38E147F791D38D4416BBC461F24B BaseClass: NativeClass:/Script/Engine.StaticMeshActor Name:StaticMeshActor_UAID_004E0199CCDF48AB01_1894812415 Label:Cube9 SpatiallyLoaded:1 Bounds:IsValid=true, Min=(X=610.000 Y=-1000.000 Z=-470.000), Max=(X=1110.000 Y=-500.000 Z=30.000) RuntimeGrid:None EditorOnly:0 RuntimeOnly:0 HLODRelevant:1
 |   |   |- Guid:791A416E4CCBB6FDB34372B3F9879357 BaseClass: NativeClass:/Script/Engine.StaticMeshActor Name:StaticMeshActor_UAID_004E0199CCDF48AB01_1868473410 Label:Cube4 SpatiallyLoaded:1 Bounds:IsValid=true, Min=(X=610.000 Y=0.000 Z=-470.000), Max=(X=1110.000 Y=500.000 Z=30.000) RuntimeGrid:None EditorOnly:0 RuntimeOnly:0 HLODRelevant:1
 |   |   |- Guid:798E4A274EBA667BAB9F0C94C9B96786 BaseClass: NativeClass:/Script/Engine.StaticMeshActor Name:StaticMeshActor_UAID_004E0199CCDF48AB01_1890296414 Label:Cube8 SpatiallyLoaded:1 Bounds:IsValid=true, Min=(X=610.000 Y=-500.000 Z=-470.000), Max=(X=1110.000 Y=0.000 Z=30.000) RuntimeGrid:None EditorOnly:0 RuntimeOnly:0 HLODRelevant:1
 |   |   |- Guid:7BE5F5044372B1CD61905C83135E767F BaseClass: NativeClass:/Script/Engine.StaticMeshActor Name:StaticMeshActor_UAID_004E0199CCDF48AB01_1957328442 Label:Cube34 SpatiallyLoaded:1 Bounds:IsValid=true, Min=(X=610.000 Y=-3500.000 Z=2520.000), Max=(X=1110.000 Y=-3000.000 Z=3020.000) RuntimeGrid:None EditorOnly:0 RuntimeOnly:0 HLODRelevant:1
 |   |   |- Guid:7C0256DF45AA9AFB9A4CF0921CE3ABA2 BaseClass: NativeClass:/Script/Engine.StaticMeshActor Name:StaticMeshActor_UAID_004E0199CCDF49AB01_1325453654 Label:Cube36 SpatiallyLoaded:1 Bounds:IsValid=true, Min=(X=610.000 Y=-3000.000 Z=3520.000), Max=(X=1110.000 Y=-2500.000 Z=4020.000) RuntimeGrid:None EditorOnly:0 RuntimeOnly:0 HLODRelevant:1
 |   |   |- Guid:8632D2EC4EC93ABBB9DF8A9F44272319 BaseClass: NativeClass:/Script/Engine.StaticMeshActor Name:StaticMeshActor_UAID_004E0199CCDF49AB01_1277356638 Label:Cube44 SpatiallyLoaded:1 Bounds:IsValid=true, Min=(X=610.000 Y=-5000.000 Z=-470.000), Max=(X=1110.000 Y=-4500.000 Z=30.000) RuntimeGrid:None EditorOnly:0 RuntimeOnly:0 HLODRelevant:1
 |   |   |- Guid:873E2A584FFFB40E57C3558F84024043 BaseClass: NativeClass:/Script/Engine.StaticMeshActor Name:StaticMeshActor_UAID_004E0199CCDF48AB01_1879882413 Label:Cube7 SpatiallyLoaded:1 Bounds:IsValid=true, Min=(X=610.000 Y=-500.000 Z=30.000), Max=(X=1110.000 Y=0.000 Z=530.000) RuntimeGrid:None EditorOnly:0 RuntimeOnly:0 HLODRelevant:1
 |   |   |- Guid:8AC2032742E222BDE6315E93FFF2189C BaseClass: NativeClass:/Script/Engine.StaticMeshActor Name:StaticMeshActor_UAID_004E0199CCDF49AB01_1277359640 Label:Cube46 SpatiallyLoaded:1 Bounds:IsValid=true, Min=(X=610.000 Y=-5500.000 Z=30.000), Max=(X=1110.000 Y=-5000.000 Z=530.000) RuntimeGrid:None EditorOnly:0 RuntimeOnly:0 HLODRelevant:1
 |   |   |- Guid:8B8ADE2240C05C1D00FBE88E77D49CC2 BaseClass: NativeClass:/Script/Engine.StaticMeshActor Name:StaticMeshActor_UAID_004E0199CCDF4AAB01_1895724774 Label:Cube73 SpatiallyLoaded:1 Bounds:IsValid=true, Min=(X=610.000 Y=-5500.000 Z=3520.000), Max=(X=1110.000 Y=-5000.000 Z=4020.000) RuntimeGrid:None EditorOnly:0 RuntimeOnly:0 HLODRelevant:1
 |   |   |- Guid:906BDFC543C88BAFF48D399B3E9C4CD0 BaseClass: NativeClass:/Script/Engine.StaticMeshActor Name:StaticMeshActor_UAID_004E0199CCDF49AB01_1287569648 Label:Cube54 SpatiallyLoaded:1 Bounds:IsValid=true, Min=(X=610.000 Y=-5500.000 Z=2020.000), Max=(X=1110.000 Y=-5000.000 Z=2520.000) RuntimeGrid:None EditorOnly:0 RuntimeOnly:0 HLODRelevant:1
 |   |   |- Guid:91B287494CB4FF6305A07E9359BE3F51 BaseClass: NativeClass:/Script/Engine.StaticMeshActor Name:StaticMeshActor_UAID_004E0199CCDF49AB01_1273029632 Label:Cube38 SpatiallyLoaded:1 Bounds:IsValid=true, Min=(X=610.000 Y=-4500.000 Z=30.000), Max=(X=1110.000 Y=-4000.000 Z=530.000) RuntimeGrid:None EditorOnly:0 RuntimeOnly:0 HLODRelevant:1
 |   |   |- Guid:91C78C994BC8892B721BDB8B8A417335 BaseClass: NativeClass:/Script/Engine.StaticMeshActor Name:StaticMeshActor_UAID_004E0199CCDF48AB01_2008619445 Label:Cube15 SpatiallyLoaded:1 Bounds:IsValid=true, Min=(X=610.000 Y=2000.000 Z=-470.000), Max=(X=1110.000 Y=2500.000 Z=30.000) RuntimeGrid:None EditorOnly:0 RuntimeOnly:0 HLODRelevant:1
 |   |   |- Guid:95FF582A41E411D4A48209BE6ABA70E3 BaseClass: NativeClass:/Script/Engine.StaticMeshActor Name:StaticMeshActor_UAID_004E0199CCDF49AB01_1273026630 Label:Cube32 SpatiallyLoaded:1 Bounds:IsValid=true, Min=(X=610.000 Y=-4000.000 Z=-470.000), Max=(X=1110.000 Y=-3500.000 Z=30.000) RuntimeGrid:None EditorOnly:0 RuntimeOnly:0 HLODRelevant:1
 |   |   |- Guid:9DD68D48400E80FFABAFCE8DA7DCE971 BaseClass: NativeClass:/Script/Engine.StaticMeshActor Name:StaticMeshActor_UAID_004E0199CCDF49AB01_1277361642 Label:Cube48 SpatiallyLoaded:1 Bounds:IsValid=true, Min=(X=610.000 Y=-5000.000 Z=530.000), Max=(X=1110.000 Y=-4500.000 Z=1030.000) RuntimeGrid:None EditorOnly:0 RuntimeOnly:0 HLODRelevant:1
 |   |   |- Guid:A2D3AB7E47ACF0C23266BF860AE4D026 BaseClass: NativeClass:/Script/Engine.StaticMeshActor Name:StaticMeshActor_UAID_004E0199CCDF48AB01_1894815417 Label:Cube11 SpatiallyLoaded:1 Bounds:IsValid=true, Min=(X=610.000 Y=-1500.000 Z=30.000), Max=(X=1110.000 Y=-1000.000 Z=530.000) RuntimeGrid:None EditorOnly:0 RuntimeOnly:0 HLODRelevant:1
 |   |   |- Guid:A880FD7D4B8C95D788F3CDA046534D5D BaseClass: NativeClass:/Script/Engine.StaticMeshActor Name:StaticMeshActor_UAID_004E0199CCDF48AB01_1927724433 Label:Cube27 SpatiallyLoaded:1 Bounds:IsValid=true, Min=(X=610.000 Y=-3000.000 Z=1020.000), Max=(X=1110.000 Y=-2500.000 Z=1520.000) RuntimeGrid:None EditorOnly:0 RuntimeOnly:0 HLODRelevant:1
 |   |   |- Guid:A8DAB11C4866725A33F5C39DC85A4987 BaseClass: NativeClass:/Script/Engine.StaticMeshActor Name:StaticMeshActor_UAID_004E0199CCDF4AAB01_1859248761 Label:Cube60 SpatiallyLoaded:1 Bounds:IsValid=true, Min=(X=610.000 Y=-2500.000 Z=3520.000), Max=(X=1110.000 Y=-2000.000 Z=4020.000) RuntimeGrid:None EditorOnly:0 RuntimeOnly:0 HLODRelevant:1
 |   |   |- Guid:AA22443845D3850C79DCFC8AF3D20565 BaseClass: NativeClass:/Script/Engine.StaticMeshActor Name:StaticMeshActor_UAID_004E0199CCDF49AB01_1273032636 Label:Cube42 SpatiallyLoaded:1 Bounds:IsValid=true, Min=(X=610.000 Y=-4000.000 Z=1020.000), Max=(X=1110.000 Y=-3500.000 Z=1520.000) RuntimeGrid:None EditorOnly:0 RuntimeOnly:0 HLODRelevant:1
 |   |   |- Guid:AB45B8DC44557634D32667925F413887 BaseClass: NativeClass:/Script/Engine.StaticMeshActor Name:StaticMeshActor_UAID_004E0199CCDF4AAB01_1875364764 Label:Cube63 SpatiallyLoaded:1 Bounds:IsValid=true, Min=(X=610.000 Y=-1000.000 Z=3520.000), Max=(X=1110.000 Y=-500.000 Z=4020.000) RuntimeGrid:None EditorOnly:0 RuntimeOnly:0 HLODRelevant:1
 |   |   |- Guid:B785ED2844B84CFB91E7F39FE661CD99 BaseClass: NativeClass:/Script/Engine.DirectionalLight Name:DirectionalLight_0 Label:DirectionalLight SpatiallyLoaded:0 Bounds:IsValid=true, Min=(X=-4398046511104.000 Y=-4398046511104.000 Z=-4398046511104.000), Max=(X=4398046511104.000 Y=4398046511104.000 Z=4398046511104.000) RuntimeGrid:None EditorOnly:0 RuntimeOnly:0 HLODRelevant:0 FolderPath:Lighting FolderGuid:963EC3EB4002CCE9759E2EBA541A873A
 |   |   |- Guid:BCC3FCEB4AFC0F4192AAEFBE5971DEB7 BaseClass: NativeClass:/Script/Engine.StaticMeshActor Name:StaticMeshActor_UAID_004E0199CCDF48AB01_2020934448 Label:Cube18 SpatiallyLoaded:1 Bounds:IsValid=true, Min=(X=610.000 Y=2000.000 Z=1020.000), Max=(X=1110.000 Y=2500.000 Z=1520.000) RuntimeGrid:None EditorOnly:0 RuntimeOnly:0 HLODRelevant:1
 |   |   |- Guid:C410EC20464278C0C91988B51E7C2824 BaseClass: NativeClass:/Script/Engine.StaticMeshActor Name:StaticMeshActor_UAID_004E0199CCDF4AAB01_1879402766 Label:Cube65 SpatiallyLoaded:1 Bounds:IsValid=true, Min=(X=610.000 Y=0.000 Z=3520.000), Max=(X=1110.000 Y=500.000 Z=4020.000) RuntimeGrid:None EditorOnly:0 RuntimeOnly:0 HLODRelevant:1
 |   |   |- Guid:C5ABD579454574CA21984AA5387E90B2 BaseClass: NativeClass:/Script/Engine.StaticMeshActor Name:StaticMeshActor_UAID_004E0199CCDF49AB01_1287568647 Label:Cube53 SpatiallyLoaded:1 Bounds:IsValid=true, Min=(X=610.000 Y=-5000.000 Z=2020.000), Max=(X=1110.000 Y=-4500.000 Z=2520.000) RuntimeGrid:None EditorOnly:0 RuntimeOnly:0 HLODRelevant:1
 |   |   |- Guid:C6216562453C9C22651E89A4F0A21FB8 BaseClass: NativeClass:/Script/Engine.StaticMeshActor Name:StaticMeshActor_UAID_004E0199CCDF48AB01_2097934452 Label:Cube30 SpatiallyLoaded:1 Bounds:IsValid=true, Min=(X=610.000 Y=2000.000 Z=3020.000), Max=(X=1110.000 Y=2500.000 Z=3520.000) RuntimeGrid:None EditorOnly:0 RuntimeOnly:0 HLODRelevant:1
 |   |   |- Guid:C9E89F5A4107492E66E1BD9017CA6DF9 BaseClass: NativeClass:/Script/Engine.StaticMeshActor Name:StaticMeshActor_UAID_004E0199CCDF4AAB01_1875362763 Label:Cube62 SpatiallyLoaded:1 Bounds:IsValid=true, Min=(X=610.000 Y=-1500.000 Z=3520.000), Max=(X=1110.000 Y=-1000.000 Z=4020.000) RuntimeGrid:None EditorOnly:0 RuntimeOnly:0 HLODRelevant:1
 |   |   |- Guid:CB9D561A4745E2E7BFA2BF8A0987021A BaseClass: NativeClass:/Script/Engine.StaticMeshActor Name:StaticMeshActor_UAID_004E0199CCDF49AB01_1277362643 Label:Cube49 SpatiallyLoaded:1 Bounds:IsValid=true, Min=(X=610.000 Y=-5500.000 Z=530.000), Max=(X=1110.000 Y=-5000.000 Z=1030.000) RuntimeGrid:None EditorOnly:0 RuntimeOnly:0 HLODRelevant:1
 |   |   |- Guid:CCFF262C46EEFFDF319E7F9539CE697E BaseClass: NativeClass:/Script/Engine.SkyAtmosphere Name:SkyAtmosphere_0 Label:SkyAtmosphere SpatiallyLoaded:0 Bounds:IsValid=true, Min=(X=0.000 Y=0.000 Z=1020.000), Max=(X=0.000 Y=0.000 Z=1020.000) RuntimeGrid:None EditorOnly:0 RuntimeOnly:0 HLODRelevant:0 FolderPath:Lighting FolderGuid:963EC3EB4002CCE9759E2EBA541A873A
 |   |   |- Guid:CD50BF284D2FC3923085E5AF9D1A9D87 BaseClass: NativeClass:/Script/Engine.StaticMeshActor Name:StaticMeshActor_UAID_004E0199CCDF49AB01_1277363644 Label:Cube50 SpatiallyLoaded:1 Bounds:IsValid=true, Min=(X=610.000 Y=-5000.000 Z=1020.000), Max=(X=1110.000 Y=-4500.000 Z=1520.000) RuntimeGrid:None EditorOnly:0 RuntimeOnly:0 HLODRelevant:1
 |   |   |- Guid:CEA259B942DE86FA3A0DC4A235382B6F BaseClass: NativeClass:/Script/Engine.StaticMeshActor Name:StaticMeshActor_UAID_004E0199CCDF48AB01_1927726434 Label:Cube28 SpatiallyLoaded:1 Bounds:IsValid=true, Min=(X=610.000 Y=-3500.000 Z=1020.000), Max=(X=1110.000 Y=-3000.000 Z=1520.000) RuntimeGrid:None EditorOnly:0 RuntimeOnly:0 HLODRelevant:1
 |   |   |- Guid:D97E16D84FFB98C719A838869A27F0D2 BaseClass: NativeClass:/Script/Engine.StaticMeshActor Name:StaticMeshActor_UAID_004E0199CCDF48AB01_2015756447 Label:Cube17 SpatiallyLoaded:1 Bounds:IsValid=true, Min=(X=610.000 Y=2000.000 Z=530.000), Max=(X=1110.000 Y=2500.000 Z=1030.000) RuntimeGrid:None EditorOnly:0 RuntimeOnly:0 HLODRelevant:1
 |   |   |- Guid:DEA84CF742CFF392BFC1F0A354751B99 BaseClass: NativeClass:/Script/Engine.StaticMeshActor Name:StaticMeshActor_UAID_004E0199CCDF4AAB01_1891532771 Label:Cube70 SpatiallyLoaded:1 Bounds:IsValid=true, Min=(X=610.000 Y=-4500.000 Z=3520.000), Max=(X=1110.000 Y=-4000.000 Z=4020.000) RuntimeGrid:None EditorOnly:0 RuntimeOnly:0 HLODRelevant:1
 |   |   |- Guid:DEC236ED4C588E635820FF9BE633867B BaseClass: NativeClass:/Script/Engine.StaticMeshActor Name:StaticMeshActor_UAID_004E0199CCDF49AB01_1287566646 Label:Cube52 SpatiallyLoaded:1 Bounds:IsValid=true, Min=(X=610.000 Y=-5000.000 Z=1520.000), Max=(X=1110.000 Y=-4500.000 Z=2020.000) RuntimeGrid:None EditorOnly:0 RuntimeOnly:0 HLODRelevant:1
 |   |   |- Guid:E05D022344CFE95B47EE26BB869A5782 BaseClass: NativeClass:/Script/Engine.StaticMeshActor Name:StaticMeshActor_UAID_004E0199CCDF49AB01_1273033637 Label:Cube43 SpatiallyLoaded:1 Bounds:IsValid=true, Min=(X=610.000 Y=-4500.000 Z=1020.000), Max=(X=1110.000 Y=-4000.000 Z=1520.000) RuntimeGrid:None EditorOnly:0 RuntimeOnly:0 HLODRelevant:1
 |   |   |- Guid:E6E305C7458FFB59924E51BD106BB78D BaseClass: NativeClass:/Script/Engine.StaticMeshActor Name:StaticMeshActor_UAID_004E0199CCDF48AB01_1916989432 Label:Cube26 SpatiallyLoaded:1 Bounds:IsValid=true, Min=(X=610.000 Y=-3500.000 Z=530.000), Max=(X=1110.000 Y=-3000.000 Z=1030.000) RuntimeGrid:None EditorOnly:0 RuntimeOnly:0 HLODRelevant:1
 |   |   |- Guid:E7ED74A2438A893939818C81477452B8 BaseClass: NativeClass:/Script/Engine.StaticMeshActor Name:StaticMeshActor_UAID_004E0199CCDF4AAB01_1895726775 Label:Cube74 SpatiallyLoaded:1 Bounds:IsValid=true, Min=(X=610.000 Y=-5000.000 Z=3520.000), Max=(X=1110.000 Y=-4500.000 Z=4020.000) RuntimeGrid:None EditorOnly:0 RuntimeOnly:0 HLODRelevant:1
 |   |   |- Guid:EBF542824C95E026431B09B4F77F7CBA BaseClass: NativeClass:/Script/Engine.StaticMeshActor Name:StaticMeshActor_UAID_004E0199CCDF48AB01_1879881412 Label:Cube6 SpatiallyLoaded:1 Bounds:IsValid=true, Min=(X=610.000 Y=0.000 Z=30.000), Max=(X=1110.000 Y=500.000 Z=530.000) RuntimeGrid:None EditorOnly:0 RuntimeOnly:0 HLODRelevant:1
 |   |   |- Guid:EC4E0C944CE6AC6E784BC6BB2916EA13 BaseClass: NativeClass:/Script/Engine.StaticMeshActor Name:StaticMeshActor_UAID_A4AE111137DC5EFB00_1110535423 Label:SM_SkySphere SpatiallyLoaded:0 Bounds:IsValid=true, Min=(X=-1638400.000 Y=-1638400.000 Z=-1638400.000), Max=(X=1638400.000 Y=1638400.000 Z=1638400.000) RuntimeGrid:None EditorOnly:0 RuntimeOnly:0 HLODRelevant:1 FolderPath:Lighting FolderGuid:963EC3EB4002CCE9759E2EBA541A873A
 |   |   |- Guid:EEF0A36C41BDE99A3DC630AEA5914080 BaseClass: NativeClass:/Script/Engine.StaticMeshActor Name:StaticMeshActor_UAID_004E0199CCDF48AB01_1916988431 Label:Cube25 SpatiallyLoaded:1 Bounds:IsValid=true, Min=(X=610.000 Y=-3000.000 Z=530.000), Max=(X=1110.000 Y=-2500.000 Z=1030.000) RuntimeGrid:None EditorOnly:0 RuntimeOnly:0 HLODRelevant:1
 |   |   |- Guid:F5E3FEB3450C49844FD93DA8E083C8AD BaseClass: NativeClass:/Script/Engine.PostProcessVolume Name:PostProcessVolume_0 Label:PostProcessVolume SpatiallyLoaded:0 Bounds:IsValid=true, Min=(X=0.000 Y=0.000 Z=400.000), Max=(X=200.000 Y=200.000 Z=600.000) RuntimeGrid:None EditorOnly:0 RuntimeOnly:0 HLODRelevant:0 FolderPath:Lighting FolderGuid:963EC3EB4002CCE9759E2EBA541A873A
 |   |- [+] Clusters:
 |   |   |- [+] [  0]
 |   |   |   |- Guid:2CA88ECC4DB668CD06C9838A374D5F63 BaseClass: NativeClass:/Script/Engine.StaticMeshActor Name:StaticMeshActor_UAID_004E0199CCDF4AAB01_1869996762 Label:Cube61 SpatiallyLoaded:1 Bounds:IsValid=true, Min=(X=610.000 Y=-2000.000 Z=3520.000), Max=(X=1110.000 Y=-1500.000 Z=4020.000) RuntimeGrid:None EditorOnly:0 RuntimeOnly:0 HLODRelevant:1
 |   |   |- [+] [  1]
 |   |   |   |- Guid:316CF2A6494ACA4C0E4180A87D36AB8F BaseClass: NativeClass:/Script/Engine.ExponentialHeightFog Name:ExponentialHeightFog_0 Label:ExponentialHeightFog SpatiallyLoaded:0 Bounds:IsValid=true, Min=(X=-5600.000 Y=-50.000 Z=-6850.000), Max=(X=-5600.000 Y=-50.000 Z=-6850.000) RuntimeGrid:None EditorOnly:0 RuntimeOnly:0 HLODRelevant:0 FolderPath:Lighting FolderGuid:963EC3EB4002CCE9759E2EBA541A873A
 |   |   |- [+] [  2]
 |   |   |   |- Guid:6193F0D94A308F12723B99976941F733 BaseClass: NativeClass:/Script/Engine.StaticMeshActor Name:StaticMeshActor_UAID_004E0199CCDF48AB01_1871959411 Label:Cube5 SpatiallyLoaded:1 Bounds:IsValid=true, Min=(X=610.000 Y=-500.000 Z=-470.000), Max=(X=1110.000 Y=0.000 Z=30.000) RuntimeGrid:None EditorOnly:0 RuntimeOnly:0 HLODRelevant:1
 |   |   |- [+] [  3]
 |   |   |   |- Guid:8632D2EC4EC93ABBB9DF8A9F44272319 BaseClass: NativeClass:/Script/Engine.StaticMeshActor Name:StaticMeshActor_UAID_004E0199CCDF49AB01_1277356638 Label:Cube44 SpatiallyLoaded:1 Bounds:IsValid=true, Min=(X=610.000 Y=-5000.000 Z=-470.000), Max=(X=1110.000 Y=-4500.000 Z=30.000) RuntimeGrid:None EditorOnly:0 RuntimeOnly:0 HLODRelevant:1
 |   |   |- [+] [  4]
 |   |   |   |- Guid:AA22443845D3850C79DCFC8AF3D20565 BaseClass: NativeClass:/Script/Engine.StaticMeshActor Name:StaticMeshActor_UAID_004E0199CCDF49AB01_1273032636 Label:Cube42 SpatiallyLoaded:1 Bounds:IsValid=true, Min=(X=610.000 Y=-4000.000 Z=1020.000), Max=(X=1110.000 Y=-3500.000 Z=1520.000) RuntimeGrid:None EditorOnly:0 RuntimeOnly:0 HLODRelevant:1
 |   |   |- [+] [  5]
 |   |   |   |- Guid:DEA84CF742CFF392BFC1F0A354751B99 BaseClass: NativeClass:/Script/Engine.StaticMeshActor Name:StaticMeshActor_UAID_004E0199CCDF4AAB01_1891532771 Label:Cube70 SpatiallyLoaded:1 Bounds:IsValid=true, Min=(X=610.000 Y=-4500.000 Z=3520.000), Max=(X=1110.000 Y=-4000.000 Z=4020.000) RuntimeGrid:None EditorOnly:0 RuntimeOnly:0 HLODRelevant:1
 |   |   |- [+] [  6]
 |   |   |   |- Guid:61912B2D41F8DBABDDABD7A15C9F603A BaseClass: NativeClass:/Script/Engine.StaticMeshActor Name:StaticMeshActor_UAID_004E0199CCDF4AAB01_1879404768 Label:Cube67 SpatiallyLoaded:1 Bounds:IsValid=true, Min=(X=610.000 Y=1000.000 Z=3520.000), Max=(X=1110.000 Y=1500.000 Z=4020.000) RuntimeGrid:None EditorOnly:0 RuntimeOnly:0 HLODRelevant:1
 |   |   |- [+] [  7]
 |   |   |   |- Guid:1FC442F043CF5C25D3602D890C5C7891 BaseClass: NativeClass:/Script/Engine.StaticMeshActor Name:StaticMeshActor_UAID_004E0199CCDF49AB01_1287572651 Label:Cube57 SpatiallyLoaded:1 Bounds:IsValid=true, Min=(X=610.000 Y=-5500.000 Z=2520.000), Max=(X=1110.000 Y=-5000.000 Z=3020.000) RuntimeGrid:None EditorOnly:0 RuntimeOnly:0 HLODRelevant:1
 |   |   |- [+] [  8]
 |   |   |   |- Guid:7BE5F5044372B1CD61905C83135E767F BaseClass: NativeClass:/Script/Engine.StaticMeshActor Name:StaticMeshActor_UAID_004E0199CCDF48AB01_1957328442 Label:Cube34 SpatiallyLoaded:1 Bounds:IsValid=true, Min=(X=610.000 Y=-3500.000 Z=2520.000), Max=(X=1110.000 Y=-3000.000 Z=3020.000) RuntimeGrid:None EditorOnly:0 RuntimeOnly:0 HLODRelevant:1
 |   |   |- [+] [  9]
 |   |   |   |- Guid:3F16CC394A772DEE27AA6EA2D53D0FBA BaseClass: NativeClass:/Script/Engine.StaticMeshActor Name:StaticMeshActor_UAID_004E0199CCDF48AB01_1916988430 Label:Cube24 SpatiallyLoaded:1 Bounds:IsValid=true, Min=(X=610.000 Y=-3500.000 Z=-470.000), Max=(X=1110.000 Y=-3000.000 Z=30.000) RuntimeGrid:None EditorOnly:0 RuntimeOnly:0 HLODRelevant:1
 |   |   |- [+] [ 10]
 |   |   |   |- Guid:EBF542824C95E026431B09B4F77F7CBA BaseClass: NativeClass:/Script/Engine.StaticMeshActor Name:StaticMeshActor_UAID_004E0199CCDF48AB01_1879881412 Label:Cube6 SpatiallyLoaded:1 Bounds:IsValid=true, Min=(X=610.000 Y=0.000 Z=30.000), Max=(X=1110.000 Y=500.000 Z=530.000) RuntimeGrid:None EditorOnly:0 RuntimeOnly:0 HLODRelevant:1
 |   |   |- [+] [ 11]
 |   |   |   |- Guid:C5ABD579454574CA21984AA5387E90B2 BaseClass: NativeClass:/Script/Engine.StaticMeshActor Name:StaticMeshActor_UAID_004E0199CCDF49AB01_1287568647 Label:Cube53 SpatiallyLoaded:1 Bounds:IsValid=true, Min=(X=610.000 Y=-5000.000 Z=2020.000), Max=(X=1110.000 Y=-4500.000 Z=2520.000) RuntimeGrid:None EditorOnly:0 RuntimeOnly:0 HLODRelevant:1
 |   |   |- [+] [ 12]
 |   |   |   |- Guid:5A4DFA2A4A588712F91443ADCF07F61D BaseClass: NativeClass:/Script/Engine.StaticMeshActor Name:StaticMeshActor_UAID_004E0199CCDF49AB01_1273031634 Label:Cube40 SpatiallyLoaded:1 Bounds:IsValid=true, Min=(X=610.000 Y=-4000.000 Z=530.000), Max=(X=1110.000 Y=-3500.000 Z=1030.000) RuntimeGrid:None EditorOnly:0 RuntimeOnly:0 HLODRelevant:1
 |   |   |- [+] [ 13]
 |   |   |   |- Guid:08EB34974AAA9DFEB3C7FFBDFC98C7C1 BaseClass: NativeClass:/Script/Engine.StaticMeshActor Name:StaticMeshActor_UAID_004E0199CCDF48AB01_1860228408 Label:Cube2 SpatiallyLoaded:1 Bounds:IsValid=true, Min=(X=610.000 Y=1000.000 Z=-470.000), Max=(X=1110.000 Y=1500.000 Z=30.000) RuntimeGrid:None EditorOnly:0 RuntimeOnly:0 HLODRelevant:1
 |   |   |- [+] [ 14]
 |   |   |   |- Guid:CEA259B942DE86FA3A0DC4A235382B6F BaseClass: NativeClass:/Script/Engine.StaticMeshActor Name:StaticMeshActor_UAID_004E0199CCDF48AB01_1927726434 Label:Cube28 SpatiallyLoaded:1 Bounds:IsValid=true, Min=(X=610.000 Y=-3500.000 Z=1020.000), Max=(X=1110.000 Y=-3000.000 Z=1520.000) RuntimeGrid:None EditorOnly:0 RuntimeOnly:0 HLODRelevant:1
 |   |   |- [+] [ 15]
 |   |   |   |- Guid:2C4008B04AD6E064AC03808F51DD7319 BaseClass: NativeClass:/Script/Engine.StaticMeshActor Name:StaticMeshActor_UAID_004E0199CCDF48AB01_2015755446 Label:Cube16 SpatiallyLoaded:1 Bounds:IsValid=true, Min=(X=610.000 Y=2000.000 Z=30.000), Max=(X=1110.000 Y=2500.000 Z=530.000) RuntimeGrid:None EditorOnly:0 RuntimeOnly:0 HLODRelevant:1
 |   |   |- [+] [ 16]
 |   |   |   |- Guid:13F3488643F76B2E9470DABEDB4D9980 BaseClass: NativeClass:/Script/Engine.PlayerStart Name:PlayerStart_UAID_04421AEBC1A4C8A801_1859832772 Label:PlayerStart SpatiallyLoaded:0 Bounds:IsValid=true, Min=(X=900.000 Y=1550.000 Z=150.000), Max=(X=980.000 Y=1630.000 Z=334.000) RuntimeGrid:None EditorOnly:0 RuntimeOnly:0 HLODRelevant:0
 |   |   |- [+] [ 17]
 |   |   |   |- Guid:BCC3FCEB4AFC0F4192AAEFBE5971DEB7 BaseClass: NativeClass:/Script/Engine.StaticMeshActor Name:StaticMeshActor_UAID_004E0199CCDF48AB01_2020934448 Label:Cube18 SpatiallyLoaded:1 Bounds:IsValid=true, Min=(X=610.000 Y=2000.000 Z=1020.000), Max=(X=1110.000 Y=2500.000 Z=1520.000) RuntimeGrid:None EditorOnly:0 RuntimeOnly:0 HLODRelevant:1
 |   |   |- [+] [ 18]
 |   |   |   |- Guid:E05D022344CFE95B47EE26BB869A5782 BaseClass: NativeClass:/Script/Engine.StaticMeshActor Name:StaticMeshActor_UAID_004E0199CCDF49AB01_1273033637 Label:Cube43 SpatiallyLoaded:1 Bounds:IsValid=true, Min=(X=610.000 Y=-4500.000 Z=1020.000), Max=(X=1110.000 Y=-4000.000 Z=1520.000) RuntimeGrid:None EditorOnly:0 RuntimeOnly:0 HLODRelevant:1
 |   |   |- [+] [ 19]
 |   |   |   |- Guid:906BDFC543C88BAFF48D399B3E9C4CD0 BaseClass: NativeClass:/Script/Engine.StaticMeshActor Name:StaticMeshActor_UAID_004E0199CCDF49AB01_1287569648 Label:Cube54 SpatiallyLoaded:1 Bounds:IsValid=true, Min=(X=610.000 Y=-5500.000 Z=2020.000), Max=(X=1110.000 Y=-5000.000 Z=2520.000) RuntimeGrid:None EditorOnly:0 RuntimeOnly:0 HLODRelevant:1
 |   |   |- [+] [ 20]
 |   |   |   |- Guid:C6216562453C9C22651E89A4F0A21FB8 BaseClass: NativeClass:/Script/Engine.StaticMeshActor Name:StaticMeshActor_UAID_004E0199CCDF48AB01_2097934452 Label:Cube30 SpatiallyLoaded:1 Bounds:IsValid=true, Min=(X=610.000 Y=2000.000 Z=3020.000), Max=(X=1110.000 Y=2500.000 Z=3520.000) RuntimeGrid:None EditorOnly:0 RuntimeOnly:0 HLODRelevant:1
 |   |   |- [+] [ 21]
 |   |   |   |- Guid:9DD68D48400E80FFABAFCE8DA7DCE971 BaseClass: NativeClass:/Script/Engine.StaticMeshActor Name:StaticMeshActor_UAID_004E0199CCDF49AB01_1277361642 Label:Cube48 SpatiallyLoaded:1 Bounds:IsValid=true, Min=(X=610.000 Y=-5000.000 Z=530.000), Max=(X=1110.000 Y=-4500.000 Z=1030.000) RuntimeGrid:None EditorOnly:0 RuntimeOnly:0 HLODRelevant:1
 |   |   |- [+] [ 22]
 |   |   |   |- Guid:DEC236ED4C588E635820FF9BE633867B BaseClass: NativeClass:/Script/Engine.StaticMeshActor Name:StaticMeshActor_UAID_004E0199CCDF49AB01_1287566646 Label:Cube52 SpatiallyLoaded:1 Bounds:IsValid=true, Min=(X=610.000 Y=-5000.000 Z=1520.000), Max=(X=1110.000 Y=-4500.000 Z=2020.000) RuntimeGrid:None EditorOnly:0 RuntimeOnly:0 HLODRelevant:1
 |   |   |- [+] [ 23]
 |   |   |   |- Guid:23F7BF844C31178F658CCFA45667CB76 BaseClass: NativeClass:/Script/Engine.StaticMeshActor Name:StaticMeshActor_UAID_004E0199CCDF48AB01_1957327441 Label:Cube33 SpatiallyLoaded:1 Bounds:IsValid=true, Min=(X=610.000 Y=-3000.000 Z=2520.000), Max=(X=1110.000 Y=-2500.000 Z=3020.000) RuntimeGrid:None EditorOnly:0 RuntimeOnly:0 HLODRelevant:1
 |   |   |- [+] [ 24]
 |   |   |   |- Guid:735210DF4C0D83926D0F708768669001 BaseClass: NativeClass:/Script/Engine.StaticMeshActor Name:StaticMeshActor_UAID_004E0199CCDF49AB01_1277364645 Label:Cube51 SpatiallyLoaded:1 Bounds:IsValid=true, Min=(X=610.000 Y=-5500.000 Z=1020.000), Max=(X=1110.000 Y=-5000.000 Z=1520.000) RuntimeGrid:None EditorOnly:0 RuntimeOnly:0 HLODRelevant:1
 |   |   |- [+] [ 25]
 |   |   |   |- Guid:8AC2032742E222BDE6315E93FFF2189C BaseClass: NativeClass:/Script/Engine.StaticMeshActor Name:StaticMeshActor_UAID_004E0199CCDF49AB01_1277359640 Label:Cube46 SpatiallyLoaded:1 Bounds:IsValid=true, Min=(X=610.000 Y=-5500.000 Z=30.000), Max=(X=1110.000 Y=-5000.000 Z=530.000) RuntimeGrid:None EditorOnly:0 RuntimeOnly:0 HLODRelevant:1
 |   |   |- [+] [ 26]
 |   |   |   |- Guid:2B82D03841D919DC9B04829472019981 BaseClass: NativeClass:/Script/Engine.StaticMeshActor Name:StaticMeshActor_UAID_004E0199CCDF48AB01_2085807450 Label:Cube20 SpatiallyLoaded:1 Bounds:IsValid=true, Min=(X=610.000 Y=2000.000 Z=2020.000), Max=(X=1110.000 Y=2500.000 Z=2520.000) RuntimeGrid:None EditorOnly:0 RuntimeOnly:0 HLODRelevant:1
 |   |   |- [+] [ 27]
 |   |   |   |- Guid:164DF963459F3CA5886E8BACC1864A0E BaseClass: NativeClass:/Script/Engine.StaticMeshActor Name:StaticMeshActor_UAID_004E0199CCDF48AB01_1957329443 Label:Cube35 SpatiallyLoaded:1 Bounds:IsValid=true, Min=(X=610.000 Y=-3000.000 Z=3020.000), Max=(X=1110.000 Y=-2500.000 Z=3520.000) RuntimeGrid:None EditorOnly:0 RuntimeOnly:0 HLODRelevant:1
 |   |   |- [+] [ 28]
 |   |   |   |- Guid:8B8ADE2240C05C1D00FBE88E77D49CC2 BaseClass: NativeClass:/Script/Engine.StaticMeshActor Name:StaticMeshActor_UAID_004E0199CCDF4AAB01_1895724774 Label:Cube73 SpatiallyLoaded:1 Bounds:IsValid=true, Min=(X=610.000 Y=-5500.000 Z=3520.000), Max=(X=1110.000 Y=-5000.000 Z=4020.000) RuntimeGrid:None EditorOnly:0 RuntimeOnly:0 HLODRelevant:1
 |   |   |- [+] [ 29]
 |   |   |   |- Guid:EC4E0C944CE6AC6E784BC6BB2916EA13 BaseClass: NativeClass:/Script/Engine.StaticMeshActor Name:StaticMeshActor_UAID_A4AE111137DC5EFB00_1110535423 Label:SM_SkySphere SpatiallyLoaded:0 Bounds:IsValid=true, Min=(X=-1638400.000 Y=-1638400.000 Z=-1638400.000), Max=(X=1638400.000 Y=1638400.000 Z=1638400.000) RuntimeGrid:None EditorOnly:0 RuntimeOnly:0 HLODRelevant:1 FolderPath:Lighting FolderGuid:963EC3EB4002CCE9759E2EBA541A873A
 |   |   |- [+] [ 30]
 |   |   |   |- Guid:08387F694EBB964987C4C8A3D0703C94 BaseClass: NativeClass:/Script/Engine.StaticMeshActor Name:StaticMeshActor_UAID_004E0199CCDF49AB01_1277360641 Label:Cube47 SpatiallyLoaded:1 Bounds:IsValid=true, Min=(X=610.000 Y=-5500.000 Z=-470.000), Max=(X=1110.000 Y=-5000.000 Z=30.000) RuntimeGrid:None EditorOnly:0 RuntimeOnly:0 HLODRelevant:1
 |   |   |- [+] [ 31]
 |   |   |   |- Guid:AB45B8DC44557634D32667925F413887 BaseClass: NativeClass:/Script/Engine.StaticMeshActor Name:StaticMeshActor_UAID_004E0199CCDF4AAB01_1875364764 Label:Cube63 SpatiallyLoaded:1 Bounds:IsValid=true, Min=(X=610.000 Y=-1000.000 Z=3520.000), Max=(X=1110.000 Y=-500.000 Z=4020.000) RuntimeGrid:None EditorOnly:0 RuntimeOnly:0 HLODRelevant:1
 |   |   |- [+] [ 32]
 |   |   |   |- Guid:A880FD7D4B8C95D788F3CDA046534D5D BaseClass: NativeClass:/Script/Engine.StaticMeshActor Name:StaticMeshActor_UAID_004E0199CCDF48AB01_1927724433 Label:Cube27 SpatiallyLoaded:1 Bounds:IsValid=true, Min=(X=610.000 Y=-3000.000 Z=1020.000), Max=(X=1110.000 Y=-2500.000 Z=1520.000) RuntimeGrid:None EditorOnly:0 RuntimeOnly:0 HLODRelevant:1
 |   |   |- [+] [ 33]
 |   |   |   |- Guid:5DA6B9EF4969F3BE391464A0BFED361D BaseClass: NativeClass:/Script/Engine.StaticMeshActor Name:StaticMeshActor_UAID_004E0199CCDF4AAB01_1879403767 Label:Cube66 SpatiallyLoaded:1 Bounds:IsValid=true, Min=(X=610.000 Y=500.000 Z=3520.000), Max=(X=1110.000 Y=1000.000 Z=4020.000) RuntimeGrid:None EditorOnly:0 RuntimeOnly:0 HLODRelevant:1
 |   |   |- [+] [ 34]
 |   |   |   |- Guid:CD50BF284D2FC3923085E5AF9D1A9D87 BaseClass: NativeClass:/Script/Engine.StaticMeshActor Name:StaticMeshActor_UAID_004E0199CCDF49AB01_1277363644 Label:Cube50 SpatiallyLoaded:1 Bounds:IsValid=true, Min=(X=610.000 Y=-5000.000 Z=1020.000), Max=(X=1110.000 Y=-4500.000 Z=1520.000) RuntimeGrid:None EditorOnly:0 RuntimeOnly:0 HLODRelevant:1
 |   |   |- [+] [ 35]
 |   |   |   |- Guid:6BAF4DDD444C60371492D3919DB42C97 BaseClass: NativeClass:/Script/Engine.WorldDataLayers Name:WorldDataLayers Label:WorldDataLayers SpatiallyLoaded:0 Bounds:IsValid=true, Min=(X=0.000 Y=0.000 Z=0.000), Max=(X=0.000 Y=0.000 Z=0.000) RuntimeGrid:None EditorOnly:0 RuntimeOnly:0 HLODRelevant:0
 |   |   |- [+] [ 36]
 |   |   |   |- Guid:78FE38E147F791D38D4416BBC461F24B BaseClass: NativeClass:/Script/Engine.StaticMeshActor Name:StaticMeshActor_UAID_004E0199CCDF48AB01_1894812415 Label:Cube9 SpatiallyLoaded:1 Bounds:IsValid=true, Min=(X=610.000 Y=-1000.000 Z=-470.000), Max=(X=1110.000 Y=-500.000 Z=30.000) RuntimeGrid:None EditorOnly:0 RuntimeOnly:0 HLODRelevant:1
 |   |   |- [+] [ 37]
 |   |   |   |- Guid:873E2A584FFFB40E57C3558F84024043 BaseClass: NativeClass:/Script/Engine.StaticMeshActor Name:StaticMeshActor_UAID_004E0199CCDF48AB01_1879882413 Label:Cube7 SpatiallyLoaded:1 Bounds:IsValid=true, Min=(X=610.000 Y=-500.000 Z=30.000), Max=(X=1110.000 Y=0.000 Z=530.000) RuntimeGrid:None EditorOnly:0 RuntimeOnly:0 HLODRelevant:1
 |   |   |- [+] [ 38]
 |   |   |   |- Guid:3C7F822B42000D129171C297AA0F9695 BaseClass: NativeClass:/Script/Engine.StaticMeshActor Name:StaticMeshActor_UAID_004E0199CCDF48AB01_1901931420 Label:Cube14 SpatiallyLoaded:1 Bounds:IsValid=true, Min=(X=610.000 Y=-1500.000 Z=530.000), Max=(X=1110.000 Y=-1000.000 Z=1030.000) RuntimeGrid:None EditorOnly:0 RuntimeOnly:0 HLODRelevant:1
 |   |   |- [+] [ 39]
 |   |   |   |- Guid:7C0256DF45AA9AFB9A4CF0921CE3ABA2 BaseClass: NativeClass:/Script/Engine.StaticMeshActor Name:StaticMeshActor_UAID_004E0199CCDF49AB01_1325453654 Label:Cube36 SpatiallyLoaded:1 Bounds:IsValid=true, Min=(X=610.000 Y=-3000.000 Z=3520.000), Max=(X=1110.000 Y=-2500.000 Z=4020.000) RuntimeGrid:None EditorOnly:0 RuntimeOnly:0 HLODRelevant:1
 |   |   |- [+] [ 40]
 |   |   |   |- Guid:A2D3AB7E47ACF0C23266BF860AE4D026 BaseClass: NativeClass:/Script/Engine.StaticMeshActor Name:StaticMeshActor_UAID_004E0199CCDF48AB01_1894815417 Label:Cube11 SpatiallyLoaded:1 Bounds:IsValid=true, Min=(X=610.000 Y=-1500.000 Z=30.000), Max=(X=1110.000 Y=-1000.000 Z=530.000) RuntimeGrid:None EditorOnly:0 RuntimeOnly:0 HLODRelevant:1
 |   |   |- [+] [ 41]
 |   |   |   |- Guid:A8DAB11C4866725A33F5C39DC85A4987 BaseClass: NativeClass:/Script/Engine.StaticMeshActor Name:StaticMeshActor_UAID_004E0199CCDF4AAB01_1859248761 Label:Cube60 SpatiallyLoaded:1 Bounds:IsValid=true, Min=(X=610.000 Y=-2500.000 Z=3520.000), Max=(X=1110.000 Y=-2000.000 Z=4020.000) RuntimeGrid:None EditorOnly:0 RuntimeOnly:0 HLODRelevant:1
 |   |   |- [+] [ 42]
 |   |   |   |- Guid:4A56EBE3480892847379F08C5433566A BaseClass: NativeClass:/Script/Engine.StaticMeshActor Name:StaticMeshActor_UAID_004E0199CCDF49AB01_1287573652 Label:Cube58 SpatiallyLoaded:1 Bounds:IsValid=true, Min=(X=610.000 Y=-5000.000 Z=3020.000), Max=(X=1110.000 Y=-4500.000 Z=3520.000) RuntimeGrid:None EditorOnly:0 RuntimeOnly:0 HLODRelevant:1
 |   |   |- [+] [ 43]
 |   |   |   |- Guid:D97E16D84FFB98C719A838869A27F0D2 BaseClass: NativeClass:/Script/Engine.StaticMeshActor Name:StaticMeshActor_UAID_004E0199CCDF48AB01_2015756447 Label:Cube17 SpatiallyLoaded:1 Bounds:IsValid=true, Min=(X=610.000 Y=2000.000 Z=530.000), Max=(X=1110.000 Y=2500.000 Z=1030.000) RuntimeGrid:None EditorOnly:0 RuntimeOnly:0 HLODRelevant:1
 |   |   |- [+] [ 44]
 |   |   |   |- Guid:798E4A274EBA667BAB9F0C94C9B96786 BaseClass: NativeClass:/Script/Engine.StaticMeshActor Name:StaticMeshActor_UAID_004E0199CCDF48AB01_1890296414 Label:Cube8 SpatiallyLoaded:1 Bounds:IsValid=true, Min=(X=610.000 Y=-500.000 Z=-470.000), Max=(X=1110.000 Y=0.000 Z=30.000) RuntimeGrid:None EditorOnly:0 RuntimeOnly:0 HLODRelevant:1
 |   |   |- [+] [ 45]
 |   |   |   |- Guid:76F2A69B412139A0755B68ADDB2F7CBC BaseClass: NativeClass:/Script/Engine.StaticMeshActor Name:StaticMeshActor_UAID_004E0199CCDF48AB01_1864669409 Label:Cube3 SpatiallyLoaded:1 Bounds:IsValid=true, Min=(X=610.000 Y=500.000 Z=-470.000), Max=(X=1110.000 Y=1000.000 Z=30.000) RuntimeGrid:None EditorOnly:0 RuntimeOnly:0 HLODRelevant:1
 |   |   |- [+] [ 46]
 |   |   |   |- Guid:91C78C994BC8892B721BDB8B8A417335 BaseClass: NativeClass:/Script/Engine.StaticMeshActor Name:StaticMeshActor_UAID_004E0199CCDF48AB01_2008619445 Label:Cube15 SpatiallyLoaded:1 Bounds:IsValid=true, Min=(X=610.000 Y=2000.000 Z=-470.000), Max=(X=1110.000 Y=2500.000 Z=30.000) RuntimeGrid:None EditorOnly:0 RuntimeOnly:0 HLODRelevant:1
 |   |   |- [+] [ 47]
 |   |   |   |- Guid:F5E3FEB3450C49844FD93DA8E083C8AD BaseClass: NativeClass:/Script/Engine.PostProcessVolume Name:PostProcessVolume_0 Label:PostProcessVolume SpatiallyLoaded:0 Bounds:IsValid=true, Min=(X=0.000 Y=0.000 Z=400.000), Max=(X=200.000 Y=200.000 Z=600.000) RuntimeGrid:None EditorOnly:0 RuntimeOnly:0 HLODRelevant:0 FolderPath:Lighting FolderGuid:963EC3EB4002CCE9759E2EBA541A873A
 |   |   |- [+] [ 48]
 |   |   |   |- Guid:29F79D33419CD3D274752282755E9277 BaseClass: NativeClass:/Script/Engine.StaticMeshActor Name:StaticMeshActor_UAID_004E0199CCDF4AAB01_1891535773 Label:Cube72 SpatiallyLoaded:1 Bounds:IsValid=true, Min=(X=610.000 Y=-3500.000 Z=3520.000), Max=(X=1110.000 Y=-3000.000 Z=4020.000) RuntimeGrid:None EditorOnly:0 RuntimeOnly:0 HLODRelevant:1
 |   |   |- [+] [ 49]
 |   |   |   |- Guid:C410EC20464278C0C91988B51E7C2824 BaseClass: NativeClass:/Script/Engine.StaticMeshActor Name:StaticMeshActor_UAID_004E0199CCDF4AAB01_1879402766 Label:Cube65 SpatiallyLoaded:1 Bounds:IsValid=true, Min=(X=610.000 Y=0.000 Z=3520.000), Max=(X=1110.000 Y=500.000 Z=4020.000) RuntimeGrid:None EditorOnly:0 RuntimeOnly:0 HLODRelevant:1
 |   |   |- [+] [ 50]
 |   |   |   |- Guid:95FF582A41E411D4A48209BE6ABA70E3 BaseClass: NativeClass:/Script/Engine.StaticMeshActor Name:StaticMeshActor_UAID_004E0199CCDF49AB01_1273026630 Label:Cube32 SpatiallyLoaded:1 Bounds:IsValid=true, Min=(X=610.000 Y=-4000.000 Z=-470.000), Max=(X=1110.000 Y=-3500.000 Z=30.000) RuntimeGrid:None EditorOnly:0 RuntimeOnly:0 HLODRelevant:1
 |   |   |- [+] [ 51]
 |   |   |   |- Guid:71BC21C4442AACB63AFEAA94A7FB46F4 BaseClass: NativeClass:/Script/Engine.StaticMeshActor Name:StaticMeshActor_UAID_004E0199CCDF48AB01_2085809451 Label:Cube29 SpatiallyLoaded:1 Bounds:IsValid=true, Min=(X=610.000 Y=2000.000 Z=2520.000), Max=(X=1110.000 Y=2500.000 Z=3020.000) RuntimeGrid:None EditorOnly:0 RuntimeOnly:0 HLODRelevant:1
 |   |   |- [+] [ 52]
 |   |   |   |- Guid:075FA55F45B39377E35880832FA56846 BaseClass: NativeClass:/Script/Engine.StaticMeshActor Name:StaticMeshActor_UAID_004E0199CCDF48AB01_1894816418 Label:Cube12 SpatiallyLoaded:1 Bounds:IsValid=true, Min=(X=610.000 Y=-1500.000 Z=-470.000), Max=(X=1110.000 Y=-1000.000 Z=30.000) RuntimeGrid:None EditorOnly:0 RuntimeOnly:0 HLODRelevant:1
 |   |   |- [+] [ 53]
 |   |   |   |- Guid:CB9D561A4745E2E7BFA2BF8A0987021A BaseClass: NativeClass:/Script/Engine.StaticMeshActor Name:StaticMeshActor_UAID_004E0199CCDF49AB01_1277362643 Label:Cube49 SpatiallyLoaded:1 Bounds:IsValid=true, Min=(X=610.000 Y=-5500.000 Z=530.000), Max=(X=1110.000 Y=-5000.000 Z=1030.000) RuntimeGrid:None EditorOnly:0 RuntimeOnly:0 HLODRelevant:1
 |   |   |- [+] [ 54]
 |   |   |   |- Guid:592464C246827FA3AC7FF4AF2D156064 BaseClass: NativeClass:/Script/Engine.StaticMeshActor Name:StaticMeshActor_UAID_004E0199CCDF4AAB01_1891534772 Label:Cube71 SpatiallyLoaded:1 Bounds:IsValid=true, Min=(X=610.000 Y=-4000.000 Z=3520.000), Max=(X=1110.000 Y=-3500.000 Z=4020.000) RuntimeGrid:None EditorOnly:0 RuntimeOnly:0 HLODRelevant:1
 |   |   |- [+] [ 55]
 |   |   |   |- Guid:56338F0A40EDE94BF8A724BC0069D4A8 BaseClass: NativeClass:/Script/Engine.StaticMeshActor Name:StaticMeshActor_UAID_004E0199CCDF49AB01_1277358639 Label:Cube45 SpatiallyLoaded:1 Bounds:IsValid=true, Min=(X=610.000 Y=-5000.000 Z=30.000), Max=(X=1110.000 Y=-4500.000 Z=530.000) RuntimeGrid:None EditorOnly:0 RuntimeOnly:0 HLODRelevant:1
 |   |   |- [+] [ 56]
 |   |   |   |- Guid:C9E89F5A4107492E66E1BD9017CA6DF9 BaseClass: NativeClass:/Script/Engine.StaticMeshActor Name:StaticMeshActor_UAID_004E0199CCDF4AAB01_1875362763 Label:Cube62 SpatiallyLoaded:1 Bounds:IsValid=true, Min=(X=610.000 Y=-1500.000 Z=3520.000), Max=(X=1110.000 Y=-1000.000 Z=4020.000) RuntimeGrid:None EditorOnly:0 RuntimeOnly:0 HLODRelevant:1
 |   |   |- [+] [ 57]
 |   |   |   |- Guid:5D2CAB03484ECE1EC325B9BF2BA85E6C BaseClass: NativeClass:/Script/Engine.StaticMeshActor Name:StaticMeshActor_UAID_004E0199CCDF48AB01_1916984427 Label:Cube21 SpatiallyLoaded:1 Bounds:IsValid=true, Min=(X=610.000 Y=-3000.000 Z=-470.000), Max=(X=1110.000 Y=-2500.000 Z=30.000) RuntimeGrid:None EditorOnly:0 RuntimeOnly:0 HLODRelevant:1
 |   |   |- [+] [ 58]
 |   |   |   |- Guid:582982AA4093F285317732B20145A6E5 BaseClass: NativeClass:/Script/Engine.StaticMeshActor Name:StaticMeshActor_UAID_004E0199CCDF48AB01_1901930419 Label:Cube13 SpatiallyLoaded:1 Bounds:IsValid=true, Min=(X=610.000 Y=-1000.000 Z=530.000), Max=(X=1110.000 Y=-500.000 Z=1030.000) RuntimeGrid:None EditorOnly:0 RuntimeOnly:0 HLODRelevant:1
 |   |   |- [+] [ 59]
 |   |   |   |- Guid:5C1A2CC14F4031EBCC50AB8EE8B639C0 BaseClass: NativeClass:/Script/Engine.StaticMeshActor Name:StaticMeshActor_UAID_004E0199CCDF4AAB01_1404593759 Label:Shape_Wedge_B SpatiallyLoaded:1 Bounds:IsValid=true, Min=(X=610.000 Y=-4500.000 Z=1520.000), Max=(X=1110.000 Y=-4000.000 Z=2020.000) RuntimeGrid:None EditorOnly:0 RuntimeOnly:0 HLODRelevant:1
 |   |   |- [+] [ 60]
 |   |   |   |- Guid:4D95C7AA4DB6CF52B6F4968C1B2CB2D7 BaseClass: NativeClass:/Script/Engine.StaticMeshActor Name:StaticMeshActor_UAID_004E0199CCDF48AB01_1916986428 Label:Cube22 SpatiallyLoaded:1 Bounds:IsValid=true, Min=(X=610.000 Y=-3000.000 Z=30.000), Max=(X=1110.000 Y=-2500.000 Z=530.000) RuntimeGrid:None EditorOnly:0 RuntimeOnly:0 HLODRelevant:1
 |   |   |- [+] [ 61]
 |   |   |   |- Guid:32ECBCB8445B3AC7BE6B3D8513EE7ACE BaseClass: NativeClass:/Script/Engine.StaticMeshActor Name:StaticMeshActor_UAID_004E0199CCDF49AB01_1287571650 Label:Cube56 SpatiallyLoaded:1 Bounds:IsValid=true, Min=(X=610.000 Y=-5000.000 Z=2520.000), Max=(X=1110.000 Y=-4500.000 Z=3020.000) RuntimeGrid:None EditorOnly:0 RuntimeOnly:0 HLODRelevant:1
 |   |   |- [+] [ 62]
 |   |   |   |- Guid:91B287494CB4FF6305A07E9359BE3F51 BaseClass: NativeClass:/Script/Engine.StaticMeshActor Name:StaticMeshActor_UAID_004E0199CCDF49AB01_1273029632 Label:Cube38 SpatiallyLoaded:1 Bounds:IsValid=true, Min=(X=610.000 Y=-4500.000 Z=30.000), Max=(X=1110.000 Y=-4000.000 Z=530.000) RuntimeGrid:None EditorOnly:0 RuntimeOnly:0 HLODRelevant:1
 |   |   |- [+] [ 63]
 |   |   |   |- Guid:602C3DBF48AA930A6E7CE7A2D2CA6935 BaseClass: NativeClass:/Script/Engine.StaticMeshActor Name:StaticMeshActor_UAID_004E0199CCDF4AAB01_1885022770 Label:Cube69 SpatiallyLoaded:1 Bounds:IsValid=true, Min=(X=610.000 Y=2000.000 Z=3520.000), Max=(X=1110.000 Y=2500.000 Z=4020.000) RuntimeGrid:None EditorOnly:0 RuntimeOnly:0 HLODRelevant:1
 |   |   |- [+] [ 64]
 |   |   |   |- Guid:3E4C0C4C4E8B42624AEE88A0AEAB510F BaseClass: NativeClass:/Script/Engine.StaticMeshActor Name:StaticMeshActor_UAID_004E0199CCDF49AB01_1089824629 Label:Cube31 SpatiallyLoaded:1 Bounds:IsValid=true, Min=(X=610.000 Y=500.000 Z=30.000), Max=(X=1110.000 Y=1000.000 Z=530.000) RuntimeGrid:None EditorOnly:0 RuntimeOnly:0 HLODRelevant:1
 |   |   |- [+] [ 65]
 |   |   |   |- Guid:EEF0A36C41BDE99A3DC630AEA5914080 BaseClass: NativeClass:/Script/Engine.StaticMeshActor Name:StaticMeshActor_UAID_004E0199CCDF48AB01_1916988431 Label:Cube25 SpatiallyLoaded:1 Bounds:IsValid=true, Min=(X=610.000 Y=-3000.000 Z=530.000), Max=(X=1110.000 Y=-2500.000 Z=1030.000) RuntimeGrid:None EditorOnly:0 RuntimeOnly:0 HLODRelevant:1
 |   |   |- [+] [ 66]
 |   |   |   |- Guid:1A1FA13742F0DF1A5DF89094D71ABCB5 BaseClass: NativeClass:/Script/Engine.StaticMeshActor Name:StaticMeshActor_UAID_004E0199CCDF48AB01_1894814416 Label:Cube10 SpatiallyLoaded:1 Bounds:IsValid=true, Min=(X=610.000 Y=-1000.000 Z=30.000), Max=(X=1110.000 Y=-500.000 Z=530.000) RuntimeGrid:None EditorOnly:0 RuntimeOnly:0 HLODRelevant:1
 |   |   |- [+] [ 67]
 |   |   |   |- Guid:12198BD34F75C0AE098A58960DF2CDFA BaseClass: NativeClass:/Script/Engine.StaticMeshActor Name:StaticMeshActor_UAID_004E0199CCDF4AAB01_1885020769 Label:Cube68 SpatiallyLoaded:1 Bounds:IsValid=true, Min=(X=610.000 Y=1500.000 Z=3520.000), Max=(X=1110.000 Y=2000.000 Z=4020.000) RuntimeGrid:None EditorOnly:0 RuntimeOnly:0 HLODRelevant:1
 |   |   |- [+] [ 68]
 |   |   |   |- Guid:4D3BE93F4146AAAC8BBE79999D96D57F BaseClass: NativeClass:/Script/Engine.VolumetricCloud Name:VolumetricCloud_0 Label:VolumetricCloud SpatiallyLoaded:0 Bounds:IsValid=true, Min=(X=0.000 Y=0.000 Z=820.000), Max=(X=0.000 Y=0.000 Z=820.000) RuntimeGrid:None EditorOnly:0 RuntimeOnly:0 HLODRelevant:0 FolderPath:Lighting FolderGuid:963EC3EB4002CCE9759E2EBA541A873A
 |   |   |- [+] [ 69]
 |   |   |   |- Guid:791A416E4CCBB6FDB34372B3F9879357 BaseClass: NativeClass:/Script/Engine.StaticMeshActor Name:StaticMeshActor_UAID_004E0199CCDF48AB01_1868473410 Label:Cube4 SpatiallyLoaded:1 Bounds:IsValid=true, Min=(X=610.000 Y=0.000 Z=-470.000), Max=(X=1110.000 Y=500.000 Z=30.000) RuntimeGrid:None EditorOnly:0 RuntimeOnly:0 HLODRelevant:1
 |   |   |- [+] [ 70]
 |   |   |   |- Guid:CCFF262C46EEFFDF319E7F9539CE697E BaseClass: NativeClass:/Script/Engine.SkyAtmosphere Name:SkyAtmosphere_0 Label:SkyAtmosphere SpatiallyLoaded:0 Bounds:IsValid=true, Min=(X=0.000 Y=0.000 Z=1020.000), Max=(X=0.000 Y=0.000 Z=1020.000) RuntimeGrid:None EditorOnly:0 RuntimeOnly:0 HLODRelevant:0 FolderPath:Lighting FolderGuid:963EC3EB4002CCE9759E2EBA541A873A
 |   |   |- [+] [ 71]
 |   |   |   |- Guid:E6E305C7458FFB59924E51BD106BB78D BaseClass: NativeClass:/Script/Engine.StaticMeshActor Name:StaticMeshActor_UAID_004E0199CCDF48AB01_1916989432 Label:Cube26 SpatiallyLoaded:1 Bounds:IsValid=true, Min=(X=610.000 Y=-3500.000 Z=530.000), Max=(X=1110.000 Y=-3000.000 Z=1030.000) RuntimeGrid:None EditorOnly:0 RuntimeOnly:0 HLODRelevant:1
 |   |   |- [+] [ 72]
 |   |   |   |- Guid:2D0E8FE7463602E9B757C79774114DB0 BaseClass: NativeClass:/Script/Engine.StaticMeshActor Name:StaticMeshActor_UAID_004E0199CCDF48AB01_2020936449 Label:Cube19 SpatiallyLoaded:1 Bounds:IsValid=true, Min=(X=610.000 Y=2000.000 Z=1520.000), Max=(X=1110.000 Y=2500.000 Z=2020.000) RuntimeGrid:None EditorOnly:0 RuntimeOnly:0 HLODRelevant:1
 |   |   |- [+] [ 73]
 |   |   |   |- Guid:75A9E31B496EDC7669AF0FAF317D1176 BaseClass: NativeClass:/Script/Engine.StaticMeshActor Name:StaticMeshActor_UAID_004E0199CCDF4AAB01_1875365765 Label:Cube64 SpatiallyLoaded:1 Bounds:IsValid=true, Min=(X=610.000 Y=-500.000 Z=3520.000), Max=(X=1110.000 Y=0.000 Z=4020.000) RuntimeGrid:None EditorOnly:0 RuntimeOnly:0 HLODRelevant:1
 |   |   |- [+] [ 74]
 |   |   |   |- Guid:3381E6C344EB65DC9481EE8247324850 BaseClass: NativeClass:/Script/Engine.StaticMeshActor Name:StaticMeshActor_UAID_004E0199CCDF49AB01_1273028631 Label:Cube37 SpatiallyLoaded:1 Bounds:IsValid=true, Min=(X=610.000 Y=-4000.000 Z=30.000), Max=(X=1110.000 Y=-3500.000 Z=530.000) RuntimeGrid:None EditorOnly:0 RuntimeOnly:0 HLODRelevant:1
 |   |   |- [+] [ 75]
 |   |   |   |- Guid:484D398C45E7D1E0442543AB3D9104C6 BaseClass: NativeClass:/Script/Engine.StaticMeshActor Name:StaticMeshActor_UAID_004E0199CCDF49AB01_1273031635 Label:Cube41 SpatiallyLoaded:1 Bounds:IsValid=true, Min=(X=610.000 Y=-4500.000 Z=530.000), Max=(X=1110.000 Y=-4000.000 Z=1030.000) RuntimeGrid:None EditorOnly:0 RuntimeOnly:0 HLODRelevant:1
 |   |   |- [+] [ 76]
 |   |   |   |- Guid:2FB58999456391D349DC0F86DAC136ED BaseClass: NativeClass:/Script/Engine.SkyLight Name:SkyLight_1 Label:SkyLight SpatiallyLoaded:0 Bounds:IsValid=true, Min=(X=0.000 Y=0.000 Z=690.000), Max=(X=0.000 Y=0.000 Z=690.000) RuntimeGrid:None EditorOnly:0 RuntimeOnly:0 HLODRelevant:0 FolderPath:Lighting FolderGuid:963EC3EB4002CCE9759E2EBA541A873A
 |   |   |- [+] [ 77]
 |   |   |   |- Guid:E7ED74A2438A893939818C81477452B8 BaseClass: NativeClass:/Script/Engine.StaticMeshActor Name:StaticMeshActor_UAID_004E0199CCDF4AAB01_1895726775 Label:Cube74 SpatiallyLoaded:1 Bounds:IsValid=true, Min=(X=610.000 Y=-5000.000 Z=3520.000), Max=(X=1110.000 Y=-4500.000 Z=4020.000) RuntimeGrid:None EditorOnly:0 RuntimeOnly:0 HLODRelevant:1
 |   |   |- [+] [ 78]
 |   |   |   |- Guid:3BD7C4C7449CEFEC616B3AAD44F6F53F BaseClass: NativeClass:/Script/Engine.StaticMeshActor Name:StaticMeshActor_UAID_004E0199CCDF4AAB01_1542743760 Label:Shape_Wedge_B2 SpatiallyLoaded:1 Bounds:IsValid=true, Min=(X=610.000 Y=-3177.500 Z=-80.000), Max=(X=1110.000 Y=-1902.500 Z=420.000) RuntimeGrid:None EditorOnly:0 RuntimeOnly:0 HLODRelevant:1
 |   |   |- [+] [ 79]
 |   |   |   |- Guid:684E180B425643F608142696C9622464 BaseClass: NativeClass:/Script/Engine.StaticMeshActor Name:StaticMeshActor_UAID_004E0199CCDF48AB01_1818019407 Label:Cube SpatiallyLoaded:1 Bounds:IsValid=true, Min=(X=610.000 Y=1500.000 Z=-470.000), Max=(X=1110.000 Y=2000.000 Z=30.000) RuntimeGrid:None EditorOnly:0 RuntimeOnly:0 HLODRelevant:1
 |   |   |- [+] [ 80]
 |   |   |   |- Guid:13E521DE4871B6AA4FBA2DA5D9A30C66 BaseClass: NativeClass:/Script/Engine.StaticMeshActor Name:StaticMeshActor_UAID_004E0199CCDF49AB01_1287570649 Label:Cube55 SpatiallyLoaded:1 Bounds:IsValid=true, Min=(X=610.000 Y=-5500.000 Z=1520.000), Max=(X=1110.000 Y=-5000.000 Z=2020.000) RuntimeGrid:None EditorOnly:0 RuntimeOnly:0 HLODRelevant:1
 |   |   |- [+] [ 81]
 |   |   |   |- Guid:70E38EDE441B083EA0191E9BF36D11F9 BaseClass: NativeClass:/Script/Engine.StaticMeshActor Name:StaticMeshActor_UAID_004E0199CCDF49AB01_1287574653 Label:Cube59 SpatiallyLoaded:1 Bounds:IsValid=true, Min=(X=610.000 Y=-5500.000 Z=3020.000), Max=(X=1110.000 Y=-5000.000 Z=3520.000) RuntimeGrid:None EditorOnly:0 RuntimeOnly:0 HLODRelevant:1
 |   |   |- [+] [ 82]
 |   |   |   |- Guid:B785ED2844B84CFB91E7F39FE661CD99 BaseClass: NativeClass:/Script/Engine.DirectionalLight Name:DirectionalLight_0 Label:DirectionalLight SpatiallyLoaded:0 Bounds:IsValid=true, Min=(X=-4398046511104.000 Y=-4398046511104.000 Z=-4398046511104.000), Max=(X=4398046511104.000 Y=4398046511104.000 Z=4398046511104.000) RuntimeGrid:None EditorOnly:0 RuntimeOnly:0 HLODRelevant:0 FolderPath:Lighting FolderGuid:963EC3EB4002CCE9759E2EBA541A873A
 |   |   |- [+] [ 83]
 |   |   |   |- Guid:16DB90B34DFE8F6D6ADAA7B6E126EEB6 BaseClass: NativeClass:/Script/Engine.StaticMeshActor Name:StaticMeshActor_UAID_004E0199CCDF49AB01_1273030633 Label:Cube39 SpatiallyLoaded:1 Bounds:IsValid=true, Min=(X=610.000 Y=-4500.000 Z=-470.000), Max=(X=1110.000 Y=-4000.000 Z=30.000) RuntimeGrid:None EditorOnly:0 RuntimeOnly:0 HLODRelevant:1
 |   |   |- [+] [ 84]
 |   |   |   |- Guid:579B7CBC4B9D8E01F6993AB9F6CC025B BaseClass: NativeClass:/Script/Engine.StaticMeshActor Name:StaticMeshActor_UAID_004E0199CCDF48AB01_1916987429 Label:Cube23 SpatiallyLoaded:1 Bounds:IsValid=true, Min=(X=610.000 Y=-3500.000 Z=30.000), Max=(X=1110.000 Y=-3000.000 Z=530.000) RuntimeGrid:None EditorOnly:0 RuntimeOnly:0 HLODRelevant:1
 |- ContainerInstances:
 |- [+] MainContainer:
 |   |-        ID: 0x0000000000000000
 |   |-    Bounds: IsValid=false, Min=(X=0.000 Y=0.000 Z=0.000), Max=(X=0.000 Y=0.000 Z=0.000)
 |   |- Transform: 0.000000,0.000000,0.000000|0.000000,0.000000,-0.000000|1.000000,1.000000,1.000000
 |   |- Container: /Game/Scenes/ThirdPersonMap
----------------------------------------------------------------------------------------------------------------
ThirdPersonMap - Persistent Level
----------------------------------------------------------------------------------------------------------------
Always loaded Actor Count: 92 

----------------------------------------------------------------------------------------------------------------
ThirdPersonMap - Runtime Spatial Hash - Streaming Grid - MainGrid
----------------------------------------------------------------------------------------------------------------
            Origin: X=0.000 Y=0.000 Z=0.000
         Cell Size: 12800
      World Bounds: IsValid=false, Min=(X=0.000 Y=0.000 Z=0.000), Max=(X=0.000 Y=0.000 Z=0.000)
     Loading Range: 25600.00
Block Slow Loading: No
 ClientOnlyVisible: No

[+] Grid Levels: 1
 |- Level  0: Cell Count    0 | Cell Size   12800 | Actor Count    0 (0.0%)

[+] Content of Grid Level 0

